0 verbose cli C:\Program Files\nodejs\node.exe C:\Program Files\nodejs\node_modules\npm\bin\npm-cli.js
1 info using npm@8.11.0
2 info using node@v16.15.1
3 timing npm:load:whichnode Completed in 1ms
4 timing config:load:defaults Completed in 1ms
5 timing config:load:file:C:\Program Files\nodejs\node_modules\npm\npmrc Completed in 2ms
6 timing config:load:builtin Completed in 2ms
7 timing config:load:cli Completed in 1ms
8 timing config:load:env Completed in 1ms
9 timing config:load:file:D:\MyLearning\JSmaterials\RJS-practical\house-marketplace\.npmrc Completed in 0ms
10 timing config:load:project Completed in 3ms
11 timing config:load:file:C:\Users\John Jefferson Facto\.npmrc Completed in 1ms
12 timing config:load:user Completed in 1ms
13 timing config:load:file:C:\Users\John Jefferson Facto\AppData\Roaming\npm\etc\npmrc Completed in 0ms
14 timing config:load:global Completed in 0ms
15 timing config:load:validate Completed in 1ms
16 timing config:load:credentials Completed in 0ms
17 timing config:load:setEnvs Completed in 1ms
18 timing config:load Completed in 11ms
19 timing npm:load:configload Completed in 11ms
20 timing npm:load:mkdirpcache Completed in 1ms
21 timing npm:load:mkdirplogs Completed in 0ms
22 verbose title npm install
23 verbose argv "install"
24 timing npm:load:setTitle Completed in 1ms
25 timing config:load:flatten Completed in 2ms
26 timing npm:load:display Completed in 3ms
27 verbose logfile logs-max:10 dir:D:\MyLearning\JSmaterials\RJS-practical\house-marketplace\_logs
28 verbose logfile D:\MyLearning\JSmaterials\RJS-practical\house-marketplace\_logs\2022-06-15T12_37_07_437Z-debug-0.log
29 timing npm:load:logFile Completed in 6ms
30 timing npm:load:timers Completed in 0ms
31 timing npm:load:configScope Completed in 0ms
32 timing npm:load Completed in 24ms
33 timing arborist:ctor Completed in 1ms
34 silly logfile done cleaning log files
35 verbose shrinkwrap failed to load node_modules/.package-lock.json out of date, updated: node_modules
36 timing idealTree:init Completed in 693ms
37 timing idealTree:userRequests Completed in 0ms
38 silly idealTree buildDeps
39 timing idealTree:#root Completed in 0ms
40 silly fetch manifest ajv@>=8
41 http fetch GET 200 https://registry.npmjs.org/ajv 947ms (cache revalidated)
42 silly placeDep ROOT ajv@8.11.0 REPLACE for: @apideck/better-ajv-errors@0.3.4 want: >=8
43 silly fetch manifest json-schema-traverse@^1.0.0
44 http fetch GET 200 https://registry.npmjs.org/json-schema-traverse 291ms (cache revalidated)
45 timing idealTree:node_modules/@apideck/better-ajv-errors Completed in 1252ms
46 silly fetch manifest ajv@^6.12.4
47 silly placeDep node_modules/@eslint/eslintrc ajv@6.12.6 OK for: @eslint/eslintrc@1.3.0 want: ^6.12.4
48 silly fetch manifest json-schema-traverse@^0.4.1
49 timing idealTree:node_modules/@eslint/eslintrc Completed in 4ms
50 silly placeDep ROOT json-schema-traverse@1.0.0 OK for: ajv@8.11.0 want: ^1.0.0
51 timing idealTree:node_modules/ajv Completed in 3ms
52 silly fetch manifest ajv@^6.10.0
53 silly placeDep node_modules/eslint ajv@6.12.6 OK for: eslint@8.17.0 want: ^6.10.0
54 timing idealTree:node_modules/eslint Completed in 3ms
55 silly fetch manifest typescript@>= 2.7
56 http fetch GET 200 https://registry.npmjs.org/typescript 1166ms (cache miss)
57 silly placeDep ROOT typescript@4.7.3 OK for: fork-ts-checker-webpack-plugin@6.5.2 want: >= 2.7
58 timing idealTree:node_modules/fork-ts-checker-webpack-plugin Completed in 1194ms
59 timing idealTree:node_modules/json-schema-traverse Completed in 0ms
60 silly fetch manifest ajv@^6.12.5
61 silly fetch manifest ajv-keywords@^3.5.2
62 http fetch GET 200 https://registry.npmjs.org/ajv-keywords 271ms (cache revalidated)
63 silly placeDep node_modules/schema-utils ajv@6.12.6 OK for: schema-utils@3.1.1 want: ^6.12.5
64 silly placeDep node_modules/schema-utils ajv-keywords@3.5.2 OK for: schema-utils@3.1.1 want: ^3.5.2
65 timing idealTree:node_modules/schema-utils Completed in 275ms
66 timing idealTree:node_modules/tsutils Completed in 1ms
67 timing idealTree:node_modules/typescript Completed in 0ms
68 silly placeDep node_modules/@eslint/eslintrc json-schema-traverse@0.4.1 OK for: ajv@6.12.6 want: ^0.4.1
69 timing idealTree:node_modules/@eslint/eslintrc/node_modules/ajv Completed in 1ms
70 timing idealTree:node_modules/@eslint/eslintrc/node_modules/json-schema-traverse Completed in 0ms
71 silly placeDep node_modules/babel-loader ajv@6.12.6 OK for: schema-utils@2.7.1 want: ^6.12.4
72 silly placeDep node_modules/babel-loader ajv-keywords@3.5.2 OK for: schema-utils@2.7.1 want: ^3.5.2
73 timing idealTree:node_modules/babel-loader/node_modules/schema-utils Completed in 2ms
74 silly placeDep node_modules/babel-loader json-schema-traverse@0.4.1 OK for: ajv@6.12.6 want: ^0.4.1
75 timing idealTree:node_modules/babel-loader/node_modules/ajv Completed in 1ms
76 timing idealTree:node_modules/babel-loader/node_modules/ajv-keywords Completed in 0ms
77 timing idealTree:node_modules/babel-loader/node_modules/json-schema-traverse Completed in 0ms
78 silly placeDep node_modules/eslint json-schema-traverse@0.4.1 OK for: ajv@6.12.6 want: ^0.4.1
79 timing idealTree:node_modules/eslint/node_modules/ajv Completed in 1ms
80 timing idealTree:node_modules/eslint/node_modules/json-schema-traverse Completed in 0ms
81 silly fetch manifest ajv@^6.12.2
82 silly fetch manifest ajv-keywords@^3.4.1
83 silly placeDep node_modules/fork-ts-checker-webpack-plugin ajv@6.12.6 OK for: schema-utils@2.7.0 want: ^6.12.2
84 silly placeDep node_modules/fork-ts-checker-webpack-plugin ajv-keywords@3.5.2 OK for: schema-utils@2.7.0 want: ^3.4.1
85 timing idealTree:node_modules/fork-ts-checker-webpack-plugin/node_modules/schema-utils Completed in 5ms
86 silly placeDep node_modules/fork-ts-checker-webpack-plugin json-schema-traverse@0.4.1 OK for: ajv@6.12.6 want: ^0.4.1
87 timing idealTree:node_modules/fork-ts-checker-webpack-plugin/node_modules/ajv Completed in 1ms
88 timing idealTree:node_modules/fork-ts-checker-webpack-plugin/node_modules/ajv-keywords Completed in 0ms
89 timing idealTree:node_modules/fork-ts-checker-webpack-plugin/node_modules/json-schema-traverse Completed in 0ms
90 silly placeDep node_modules/schema-utils json-schema-traverse@0.4.1 OK for: ajv@6.12.6 want: ^0.4.1
91 timing idealTree:node_modules/schema-utils/node_modules/ajv Completed in 1ms
92 timing idealTree:node_modules/schema-utils/node_modules/ajv-keywords Completed in 0ms
93 timing idealTree:node_modules/schema-utils/node_modules/json-schema-traverse Completed in 0ms
94 timing idealTree:buildDeps Completed in 2745ms
95 timing idealTree:fixDepFlags Completed in 7ms
96 timing idealTree Completed in 3455ms
97 timing reify:loadTrees Completed in 3456ms
98 timing reify:diffTrees Completed in 26ms
99 silly reify mark retired [
99 silly reify   'D:\\MyLearning\\JSmaterials\\RJS-practical\\house-marketplace\\node_modules\\ajv'
99 silly reify ]
100 silly reify mark retired [
100 silly reify   'D:\\MyLearning\\JSmaterials\\RJS-practical\\house-marketplace\\node_modules\\ajv-formats\\node_modules\\json-schema-traverse'
100 silly reify ]
101 silly reify mark retired [
101 silly reify   'D:\\MyLearning\\JSmaterials\\RJS-practical\\house-marketplace\\node_modules\\ajv-formats\\node_modules\\ajv'
101 silly reify ]
102 silly reify mark retired [
102 silly reify   'D:\\MyLearning\\JSmaterials\\RJS-practical\\house-marketplace\\node_modules\\ajv-keywords'
102 silly reify ]
103 silly reify mark retired [
103 silly reify   'D:\\MyLearning\\JSmaterials\\RJS-practical\\house-marketplace\\node_modules\\css-minimizer-webpack-plugin\\node_modules\\ajv'
103 silly reify ]
104 silly reify mark retired [
104 silly reify   'D:\\MyLearning\\JSmaterials\\RJS-practical\\house-marketplace\\node_modules\\css-minimizer-webpack-plugin\\node_modules\\json-schema-traverse'
104 silly reify ]
105 silly reify mark retired [
105 silly reify   'D:\\MyLearning\\JSmaterials\\RJS-practical\\house-marketplace\\node_modules\\json-schema-traverse'
105 silly reify ]
106 silly reify mark retired [
106 silly reify   'D:\\MyLearning\\JSmaterials\\RJS-practical\\house-marketplace\\node_modules\\mini-css-extract-plugin\\node_modules\\ajv'
106 silly reify ]
107 silly reify mark retired [
107 silly reify   'D:\\MyLearning\\JSmaterials\\RJS-practical\\house-marketplace\\node_modules\\mini-css-extract-plugin\\node_modules\\json-schema-traverse'
107 silly reify ]
108 silly reify mark retired [
108 silly reify   'D:\\MyLearning\\JSmaterials\\RJS-practical\\house-marketplace\\node_modules\\webpack-dev-middleware\\node_modules\\ajv'
108 silly reify ]
109 silly reify mark retired [
109 silly reify   'D:\\MyLearning\\JSmaterials\\RJS-practical\\house-marketplace\\node_modules\\webpack-dev-middleware\\node_modules\\json-schema-traverse'
109 silly reify ]
110 silly reify mark retired [
110 silly reify   'D:\\MyLearning\\JSmaterials\\RJS-practical\\house-marketplace\\node_modules\\webpack-dev-server\\node_modules\\ajv'
110 silly reify ]
111 silly reify mark retired [
111 silly reify   'D:\\MyLearning\\JSmaterials\\RJS-practical\\house-marketplace\\node_modules\\webpack-dev-server\\node_modules\\json-schema-traverse'
111 silly reify ]
112 silly reify mark retired [
112 silly reify   'D:\\MyLearning\\JSmaterials\\RJS-practical\\house-marketplace\\node_modules\\workbox-build\\node_modules\\ajv'
112 silly reify ]
113 silly reify mark retired [
113 silly reify   'D:\\MyLearning\\JSmaterials\\RJS-practical\\house-marketplace\\node_modules\\workbox-build\\node_modules\\json-schema-traverse'
113 silly reify ]
114 silly reify moves {
114 silly reify   'D:\\MyLearning\\JSmaterials\\RJS-practical\\house-marketplace\\node_modules\\ajv': 'D:\\MyLearning\\JSmaterials\\RJS-practical\\house-marketplace\\node_modules\\.ajv-dIFMlo4m',
114 silly reify   'D:\\MyLearning\\JSmaterials\\RJS-practical\\house-marketplace\\node_modules\\ajv-formats\\node_modules\\json-schema-traverse': 'D:\\MyLearning\\JSmaterials\\RJS-practical\\house-marketplace\\node_modules\\ajv-formats\\node_modules\\.json-schema-traverse-MUXCW2hZ',
114 silly reify   'D:\\MyLearning\\JSmaterials\\RJS-practical\\house-marketplace\\node_modules\\ajv-formats\\node_modules\\ajv': 'D:\\MyLearning\\JSmaterials\\RJS-practical\\house-marketplace\\node_modules\\ajv-formats\\node_modules\\.ajv-HY6z579k',
114 silly reify   'D:\\MyLearning\\JSmaterials\\RJS-practical\\house-marketplace\\node_modules\\ajv-keywords': 'D:\\MyLearning\\JSmaterials\\RJS-practical\\house-marketplace\\node_modules\\.ajv-keywords-eJID40HK',
114 silly reify   'D:\\MyLearning\\JSmaterials\\RJS-practical\\house-marketplace\\node_modules\\css-minimizer-webpack-plugin\\node_modules\\ajv': 'D:\\MyLearning\\JSmaterials\\RJS-practical\\house-marketplace\\node_modules\\css-minimizer-webpack-plugin\\node_modules\\.ajv-REaKN95Z',
114 silly reify   'D:\\MyLearning\\JSmaterials\\RJS-practical\\house-marketplace\\node_modules\\css-minimizer-webpack-plugin\\node_modules\\json-schema-traverse': 'D:\\MyLearning\\JSmaterials\\RJS-practical\\house-marketplace\\node_modules\\css-minimizer-webpack-plugin\\node_modules\\.json-schema-traverse-OnTh6eKO',
114 silly reify   'D:\\MyLearning\\JSmaterials\\RJS-practical\\house-marketplace\\node_modules\\json-schema-traverse': 'D:\\MyLearning\\JSmaterials\\RJS-practical\\house-marketplace\\node_modules\\.json-schema-traverse-9vjuGMqm',
114 silly reify   'D:\\MyLearning\\JSmaterials\\RJS-practical\\house-marketplace\\node_modules\\mini-css-extract-plugin\\node_modules\\ajv': 'D:\\MyLearning\\JSmaterials\\RJS-practical\\house-marketplace\\node_modules\\mini-css-extract-plugin\\node_modules\\.ajv-5sovJRJI',
114 silly reify   'D:\\MyLearning\\JSmaterials\\RJS-practical\\house-marketplace\\node_modules\\mini-css-extract-plugin\\node_modules\\json-schema-traverse': 'D:\\MyLearning\\JSmaterials\\RJS-practical\\house-marketplace\\node_modules\\mini-css-extract-plugin\\node_modules\\.json-schema-traverse-Q0JYSfnL',
114 silly reify   'D:\\MyLearning\\JSmaterials\\RJS-practical\\house-marketplace\\node_modules\\webpack-dev-middleware\\node_modules\\ajv': 'D:\\MyLearning\\JSmaterials\\RJS-practical\\house-marketplace\\node_modules\\webpack-dev-middleware\\node_modules\\.ajv-7RSZ5WBd',
114 silly reify   'D:\\MyLearning\\JSmaterials\\RJS-practical\\house-marketplace\\node_modules\\webpack-dev-middleware\\node_modules\\json-schema-traverse': 'D:\\MyLearning\\JSmaterials\\RJS-practical\\house-marketplace\\node_modules\\webpack-dev-middleware\\node_modules\\.json-schema-traverse-wr2C3puI',
114 silly reify   'D:\\MyLearning\\JSmaterials\\RJS-practical\\house-marketplace\\node_modules\\webpack-dev-server\\node_modules\\ajv': 'D:\\MyLearning\\JSmaterials\\RJS-practical\\house-marketplace\\node_modules\\webpack-dev-server\\node_modules\\.ajv-jiQkRuT9',
114 silly reify   'D:\\MyLearning\\JSmaterials\\RJS-practical\\house-marketplace\\node_modules\\webpack-dev-server\\node_modules\\json-schema-traverse': 'D:\\MyLearning\\JSmaterials\\RJS-practical\\house-marketplace\\node_modules\\webpack-dev-server\\node_modules\\.json-schema-traverse-eXfPMTTK',
114 silly reify   'D:\\MyLearning\\JSmaterials\\RJS-practical\\house-marketplace\\node_modules\\workbox-build\\node_modules\\ajv': 'D:\\MyLearning\\JSmaterials\\RJS-practical\\house-marketplace\\node_modules\\workbox-build\\node_modules\\.ajv-bWEyAeKO',
114 silly reify   'D:\\MyLearning\\JSmaterials\\RJS-practical\\house-marketplace\\node_modules\\workbox-build\\node_modules\\json-schema-traverse': 'D:\\MyLearning\\JSmaterials\\RJS-practical\\house-marketplace\\node_modules\\workbox-build\\node_modules\\.json-schema-traverse-T8APx3rt'
114 silly reify }
115 timing reify:retireShallow Completed in 10ms
116 timing reify:createSparse Completed in 3ms
117 timing reify:loadBundles Completed in 0ms
118 silly audit bulk request {
118 silly audit   '@ampproject/remapping': [ '2.2.0' ],
118 silly audit   '@apideck/better-ajv-errors': [ '0.3.4' ],
118 silly audit   '@babel/code-frame': [ '7.16.7' ],
118 silly audit   '@babel/compat-data': [ '7.17.10' ],
118 silly audit   '@babel/core': [ '7.18.2' ],
118 silly audit   semver: [ '6.3.0', '7.0.0', '7.3.7' ],
118 silly audit   '@babel/eslint-parser': [ '7.18.2' ],
118 silly audit   'eslint-scope': [ '5.1.1', '7.1.1' ],
118 silly audit   'eslint-visitor-keys': [ '2.1.0', '3.3.0' ],
118 silly audit   estraverse: [ '4.3.0', '5.3.0' ],
118 silly audit   '@babel/generator': [ '7.18.2' ],
118 silly audit   '@jridgewell/gen-mapping': [ '0.3.1', '0.1.1' ],
118 silly audit   '@babel/helper-annotate-as-pure': [ '7.16.7' ],
118 silly audit   '@babel/helper-builder-binary-assignment-operator-visitor': [ '7.16.7' ],
118 silly audit   '@babel/helper-compilation-targets': [ '7.18.2' ],
118 silly audit   '@babel/helper-create-class-features-plugin': [ '7.18.0' ],
118 silly audit   '@babel/helper-create-regexp-features-plugin': [ '7.17.12' ],
118 silly audit   '@babel/helper-define-polyfill-provider': [ '0.3.1' ],
118 silly audit   '@babel/helper-environment-visitor': [ '7.18.2' ],
118 silly audit   '@babel/helper-explode-assignable-expression': [ '7.16.7' ],
118 silly audit   '@babel/helper-function-name': [ '7.17.9' ],
118 silly audit   '@babel/helper-hoist-variables': [ '7.16.7' ],
118 silly audit   '@babel/helper-member-expression-to-functions': [ '7.17.7' ],
118 silly audit   '@babel/helper-module-imports': [ '7.16.7' ],
118 silly audit   '@babel/helper-module-transforms': [ '7.18.0' ],
118 silly audit   '@babel/helper-optimise-call-expression': [ '7.16.7' ],
118 silly audit   '@babel/helper-plugin-utils': [ '7.17.12' ],
118 silly audit   '@babel/helper-remap-async-to-generator': [ '7.16.8' ],
118 silly audit   '@babel/helper-replace-supers': [ '7.18.2' ],
118 silly audit   '@babel/helper-simple-access': [ '7.18.2' ],
118 silly audit   '@babel/helper-skip-transparent-expression-wrappers': [ '7.16.0' ],
118 silly audit   '@babel/helper-split-export-declaration': [ '7.16.7' ],
118 silly audit   '@babel/helper-validator-identifier': [ '7.16.7' ],
118 silly audit   '@babel/helper-validator-option': [ '7.16.7' ],
118 silly audit   '@babel/helper-wrap-function': [ '7.16.8' ],
118 silly audit   '@babel/helpers': [ '7.18.2' ],
118 silly audit   '@babel/highlight': [ '7.17.12' ],
118 silly audit   '@babel/parser': [ '7.18.4' ],
118 silly audit   '@babel/plugin-bugfix-safari-id-destructuring-collision-in-function-expression': [ '7.17.12' ],
118 silly audit   '@babel/plugin-bugfix-v8-spread-parameters-in-optional-chaining': [ '7.17.12' ],
118 silly audit   '@babel/plugin-proposal-async-generator-functions': [ '7.17.12' ],
118 silly audit   '@babel/plugin-proposal-class-properties': [ '7.17.12' ],
118 silly audit   '@babel/plugin-proposal-class-static-block': [ '7.18.0' ],
118 silly audit   '@babel/plugin-proposal-decorators': [ '7.18.2' ],
118 silly audit   '@babel/plugin-proposal-dynamic-import': [ '7.16.7' ],
118 silly audit   '@babel/plugin-proposal-export-namespace-from': [ '7.17.12' ],
118 silly audit   '@babel/plugin-proposal-json-strings': [ '7.17.12' ],
118 silly audit   '@babel/plugin-proposal-logical-assignment-operators': [ '7.17.12' ],
118 silly audit   '@babel/plugin-proposal-nullish-coalescing-operator': [ '7.17.12' ],
118 silly audit   '@babel/plugin-proposal-numeric-separator': [ '7.16.7' ],
118 silly audit   '@babel/plugin-proposal-object-rest-spread': [ '7.18.0' ],
118 silly audit   '@babel/plugin-proposal-optional-catch-binding': [ '7.16.7' ],
118 silly audit   '@babel/plugin-proposal-optional-chaining': [ '7.17.12' ],
118 silly audit   '@babel/plugin-proposal-private-methods': [ '7.17.12' ],
118 silly audit   '@babel/plugin-proposal-private-property-in-object': [ '7.17.12' ],
118 silly audit   '@babel/plugin-proposal-unicode-property-regex': [ '7.17.12' ],
118 silly audit   '@babel/plugin-syntax-async-generators': [ '7.8.4' ],
118 silly audit   '@babel/plugin-syntax-bigint': [ '7.8.3' ],
118 silly audit   '@babel/plugin-syntax-class-properties': [ '7.12.13' ],
118 silly audit   '@babel/plugin-syntax-class-static-block': [ '7.14.5' ],
118 silly audit   '@babel/plugin-syntax-decorators': [ '7.17.12' ],
118 silly audit   '@babel/plugin-syntax-dynamic-import': [ '7.8.3' ],
118 silly audit   '@babel/plugin-syntax-export-namespace-from': [ '7.8.3' ],
118 silly audit   '@babel/plugin-syntax-flow': [ '7.17.12' ],
118 silly audit   '@babel/plugin-syntax-import-assertions': [ '7.17.12' ],
118 silly audit   '@babel/plugin-syntax-import-meta': [ '7.10.4' ],
118 silly audit   '@babel/plugin-syntax-json-strings': [ '7.8.3' ],
118 silly audit   '@babel/plugin-syntax-jsx': [ '7.17.12' ],
118 silly audit   '@babel/plugin-syntax-logical-assignment-operators': [ '7.10.4' ],
118 silly audit   '@babel/plugin-syntax-nullish-coalescing-operator': [ '7.8.3' ],
118 silly audit   '@babel/plugin-syntax-numeric-separator': [ '7.10.4' ],
118 silly audit   '@babel/plugin-syntax-object-rest-spread': [ '7.8.3' ],
118 silly audit   '@babel/plugin-syntax-optional-catch-binding': [ '7.8.3' ],
118 silly audit   '@babel/plugin-syntax-optional-chaining': [ '7.8.3' ],
118 silly audit   '@babel/plugin-syntax-private-property-in-object': [ '7.14.5' ],
118 silly audit   '@babel/plugin-syntax-top-level-await': [ '7.14.5' ],
118 silly audit   '@babel/plugin-syntax-typescript': [ '7.17.12' ],
118 silly audit   '@babel/plugin-transform-arrow-functions': [ '7.17.12' ],
118 silly audit   '@babel/plugin-transform-async-to-generator': [ '7.17.12' ],
118 silly audit   '@babel/plugin-transform-block-scoped-functions': [ '7.16.7' ],
118 silly audit   '@babel/plugin-transform-block-scoping': [ '7.18.4' ],
118 silly audit   '@babel/plugin-transform-classes': [ '7.18.4' ],
118 silly audit   '@babel/plugin-transform-computed-properties': [ '7.17.12' ],
118 silly audit   '@babel/plugin-transform-destructuring': [ '7.18.0' ],
118 silly audit   '@babel/plugin-transform-dotall-regex': [ '7.16.7' ],
118 silly audit   '@babel/plugin-transform-duplicate-keys': [ '7.17.12' ],
118 silly audit   '@babel/plugin-transform-exponentiation-operator': [ '7.16.7' ],
118 silly audit   '@babel/plugin-transform-flow-strip-types': [ '7.17.12' ],
118 silly audit   '@babel/plugin-transform-for-of': [ '7.18.1' ],
118 silly audit   '@babel/plugin-transform-function-name': [ '7.16.7' ],
118 silly audit   '@babel/plugin-transform-literals': [ '7.17.12' ],
118 silly audit   '@babel/plugin-transform-member-expression-literals': [ '7.16.7' ],
118 silly audit   '@babel/plugin-transform-modules-amd': [ '7.18.0' ],
118 silly audit   '@babel/plugin-transform-modules-commonjs': [ '7.18.2' ],
118 silly audit   '@babel/plugin-transform-modules-systemjs': [ '7.18.4' ],
118 silly audit   '@babel/plugin-transform-modules-umd': [ '7.18.0' ],
118 silly audit   '@babel/plugin-transform-named-capturing-groups-regex': [ '7.17.12' ],
118 silly audit   '@babel/plugin-transform-new-target': [ '7.17.12' ],
118 silly audit   '@babel/plugin-transform-object-super': [ '7.16.7' ],
118 silly audit   '@babel/plugin-transform-parameters': [ '7.17.12' ],
118 silly audit   '@babel/plugin-transform-property-literals': [ '7.16.7' ],
118 silly audit   '@babel/plugin-transform-react-constant-elements': [ '7.17.12' ],
118 silly audit   '@babel/plugin-transform-react-display-name': [ '7.16.7' ],
118 silly audit   '@babel/plugin-transform-react-jsx': [ '7.17.12' ],
118 silly audit   '@babel/plugin-transform-react-jsx-development': [ '7.16.7' ],
118 silly audit   '@babel/plugin-transform-react-pure-annotations': [ '7.18.0' ],
118 silly audit   '@babel/plugin-transform-regenerator': [ '7.18.0' ],
118 silly audit   '@babel/plugin-transform-reserved-words': [ '7.17.12' ],
118 silly audit   '@babel/plugin-transform-runtime': [ '7.18.2' ],
118 silly audit   '@babel/plugin-transform-shorthand-properties': [ '7.16.7' ],
118 silly audit   '@babel/plugin-transform-spread': [ '7.17.12' ],
118 silly audit   '@babel/plugin-transform-sticky-regex': [ '7.16.7' ],
118 silly audit   '@babel/plugin-transform-template-literals': [ '7.18.2' ],
118 silly audit   '@babel/plugin-transform-typeof-symbol': [ '7.17.12' ],
118 silly audit   '@babel/plugin-transform-typescript': [ '7.18.4' ],
118 silly audit   '@babel/plugin-transform-unicode-escapes': [ '7.16.7' ],
118 silly audit   '@babel/plugin-transform-unicode-regex': [ '7.16.7' ],
118 silly audit   '@babel/preset-env': [ '7.18.2' ],
118 silly audit   '@babel/preset-modules': [ '0.1.5' ],
118 silly audit   '@babel/preset-react': [ '7.17.12' ],
118 silly audit   '@babel/preset-typescript': [ '7.17.12' ],
118 silly audit   '@babel/runtime': [ '7.18.3' ],
118 silly audit   '@babel/runtime-corejs3': [ '7.18.3' ],
118 silly audit   '@babel/template': [ '7.16.7' ],
118 silly audit   '@babel/traverse': [ '7.18.2' ],
118 silly audit   '@babel/types': [ '7.18.4' ],
118 silly audit   '@bcoe/v8-coverage': [ '0.2.3' ],
118 silly audit   '@csstools/normalize.css': [ '12.0.0' ],
118 silly audit   '@csstools/postcss-cascade-layers': [ '1.0.3' ],
118 silly audit   '@csstools/postcss-color-function': [ '1.1.0' ],
118 silly audit   '@csstools/postcss-font-format-keywords': [ '1.0.0' ],
118 silly audit   '@csstools/postcss-hwb-function': [ '1.0.1' ],
118 silly audit   '@csstools/postcss-ic-unit': [ '1.0.0' ],
118 silly audit   '@csstools/postcss-is-pseudo-class': [ '2.0.5' ],
118 silly audit   '@csstools/postcss-normalize-display-values': [ '1.0.0' ],
118 silly audit   '@csstools/postcss-oklab-function': [ '1.1.0' ],
118 silly audit   '@csstools/postcss-progressive-custom-properties': [ '1.3.0' ],
118 silly audit   '@csstools/postcss-stepped-value-functions': [ '1.0.0' ],
118 silly audit   '@csstools/postcss-trigonometric-functions': [ '1.0.1' ],
118 silly audit   '@csstools/postcss-unset-value': [ '1.0.1' ],
118 silly audit   '@csstools/selector-specificity': [ '2.0.1' ],
118 silly audit   '@eslint/eslintrc': [ '1.3.0' ],
118 silly audit   argparse: [ '2.0.1', '1.0.10' ],
118 silly audit   globals: [ '13.15.0', '11.12.0' ],
118 silly audit   'js-yaml': [ '4.1.0', '3.14.1' ],
118 silly audit   '@firebase/analytics': [ '0.7.10' ],
118 silly audit   '@firebase/analytics-compat': [ '0.1.11' ],
118 silly audit   tslib: [ '2.4.0', '1.14.1' ],
118 silly audit   '@firebase/analytics-types': [ '0.7.0' ],
118 silly audit   '@firebase/app': [ '0.7.26' ],
118 silly audit   '@firebase/app-check': [ '0.5.9' ],
118 silly audit   '@firebase/app-check-compat': [ '0.2.9' ],
118 silly audit   '@firebase/app-check-interop-types': [ '0.1.0' ],
118 silly audit   '@firebase/app-check-types': [ '0.4.0' ],
118 silly audit   '@firebase/app-compat': [ '0.1.27' ],
118 silly audit   '@firebase/app-types': [ '0.7.0' ],
118 silly audit   idb: [ '7.0.1', '6.1.5' ],
118 silly audit   '@firebase/auth': [ '0.20.3' ],
118 silly audit   '@firebase/auth-compat': [ '0.2.16' ],
118 silly audit   '@firebase/auth-interop-types': [ '0.1.6' ],
118 silly audit   '@firebase/auth-types': [ '0.11.0' ],
118 silly audit   '@firebase/component': [ '0.5.15' ],
118 silly audit   '@firebase/database': [ '0.13.1' ],
118 silly audit   '@firebase/database-compat': [ '0.2.1' ],
118 silly audit   '@firebase/database-types': [ '0.9.9' ],
118 silly audit   '@firebase/firestore': [ '3.4.10' ],
118 silly audit   '@firebase/firestore-compat': [ '0.1.19' ],
118 silly audit   '@firebase/firestore-types': [ '2.5.0' ],
118 silly audit   '@firebase/functions': [ '0.8.2' ],
118 silly audit   '@firebase/functions-compat': [ '0.2.2' ],
118 silly audit   '@firebase/functions-types': [ '0.5.0' ],
118 silly audit   '@firebase/installations': [ '0.5.10' ],
118 silly audit   '@firebase/logger': [ '0.3.3' ],
118 silly audit   '@firebase/messaging': [ '0.9.14' ],
118 silly audit   '@firebase/messaging-compat': [ '0.1.14' ],
118 silly audit   '@firebase/messaging-interop-types': [ '0.1.0' ],
118 silly audit   '@firebase/performance': [ '0.5.10' ],
118 silly audit   '@firebase/performance-compat': [ '0.1.10' ],
118 silly audit   '@firebase/performance-types': [ '0.1.0' ],
118 silly audit   '@firebase/polyfill': [ '0.3.36' ],
118 silly audit   'core-js': [ '3.6.5', '3.22.8' ],
118 silly audit   'whatwg-fetch': [ '2.0.4', '3.6.2' ],
118 silly audit   '@firebase/remote-config': [ '0.3.9' ],
118 silly audit   '@firebase/remote-config-compat': [ '0.1.10' ],
118 silly audit   '@firebase/remote-config-types': [ '0.2.0' ],
118 silly audit   '@firebase/storage': [ '0.9.7' ],
118 silly audit   '@firebase/storage-compat': [ '0.1.15' ],
118 silly audit   '@firebase/storage-types': [ '0.6.0' ],
118 silly audit   '@firebase/util': [ '1.6.1' ],
118 silly audit   '@firebase/webchannel-wrapper': [ '0.6.2' ],
118 silly audit   '@grpc/grpc-js': [ '1.6.7' ],
118 silly audit   '@grpc/proto-loader': [ '0.6.13' ],
118 silly audit   '@humanwhocodes/config-array': [ '0.9.5' ],
118 silly audit   '@humanwhocodes/object-schema': [ '1.2.1' ],
118 silly audit   '@istanbuljs/load-nyc-config': [ '1.1.0' ],
118 silly audit   camelcase: [ '5.3.1', '6.3.0' ],
118 silly audit   'find-up': [ '4.1.0', '2.1.0', '5.0.0', '3.0.0' ],
118 silly audit   'locate-path': [ '5.0.0', '2.0.0', '6.0.0', '3.0.0' ],
118 silly audit   'p-limit': [ '2.3.0', '1.3.0', '3.1.0' ],
118 silly audit   'p-locate': [ '4.1.0', '2.0.0', '5.0.0', '3.0.0' ],
118 silly audit   'resolve-from': [ '5.0.0', '4.0.0' ],
118 silly audit   '@istanbuljs/schema': [ '0.1.3' ],
118 silly audit   '@jest/console': [ '27.5.1', '28.1.1' ],
118 silly audit   'ansi-styles': [ '4.3.0', '3.2.1', '5.2.0' ],
118 silly audit   chalk: [ '4.1.2', '3.0.0', '2.4.2' ],
118 silly audit   'color-convert': [ '2.0.1', '1.9.3' ],
118 silly audit   'color-name': [ '1.1.4', '1.1.3' ],
118 silly audit   'has-flag': [ '4.0.0', '3.0.0' ],
118 silly audit   'supports-color': [ '7.2.0', '8.1.1', '5.5.0' ],
118 silly audit   '@jest/core': [ '27.5.1' ],
118 silly audit   '@jest/environment': [ '27.5.1' ],
118 silly audit   '@jest/fake-timers': [ '27.5.1' ],
118 silly audit   '@jest/globals': [ '27.5.1' ],
118 silly audit   '@jest/reporters': [ '27.5.1' ],
118 silly audit   'source-map': [ '0.6.1', '0.7.4', '0.8.0-beta.0' ],
118 silly audit   '@jest/schemas': [ '28.0.2' ],
118 silly audit   '@jest/source-map': [ '27.5.1' ],
118 silly audit   '@jest/test-result': [ '27.5.1', '28.1.1' ],
118 silly audit   '@jest/test-sequencer': [ '27.5.1' ],
118 silly audit   '@jest/transform': [ '27.5.1' ],
118 silly audit   '@jest/types': [ '27.5.1', '28.1.1' ],
118 silly audit   '@jridgewell/resolve-uri': [ '3.0.7' ],
118 silly audit   '@jridgewell/set-array': [ '1.1.1' ],
118 silly audit   '@jridgewell/source-map': [ '0.3.2' ],
118 silly audit   '@jridgewell/sourcemap-codec': [ '1.4.13' ],
118 silly audit   '@jridgewell/trace-mapping': [ '0.3.13' ],
118 silly audit   '@leichtgewicht/ip-codec': [ '2.0.4' ],
118 silly audit   '@nodelib/fs.scandir': [ '2.1.5' ],
118 silly audit   '@nodelib/fs.stat': [ '2.0.5' ],
118 silly audit   '@nodelib/fs.walk': [ '1.2.8' ],
118 silly audit   '@pmmmwh/react-refresh-webpack-plugin': [ '0.5.7' ],
118 silly audit   '@protobufjs/aspromise': [ '1.1.2' ],
118 silly audit   '@protobufjs/base64': [ '1.1.2' ],
118 silly audit   '@protobufjs/codegen': [ '2.0.4' ],
118 silly audit   '@protobufjs/eventemitter': [ '1.1.0' ],
118 silly audit   '@protobufjs/fetch': [ '1.1.0' ],
118 silly audit   '@protobufjs/float': [ '1.0.2' ],
118 silly audit   '@protobufjs/inquire': [ '1.1.0' ],
118 silly audit   '@protobufjs/path': [ '1.1.2' ],
118 silly audit   '@protobufjs/pool': [ '1.1.0' ],
118 silly audit   '@protobufjs/utf8': [ '1.1.0' ],
118 silly audit   '@react-leaflet/core': [ '2.0.0' ],
118 silly audit   '@rollup/plugin-babel': [ '5.3.1' ],
118 silly audit   '@rollup/plugin-node-resolve': [ '11.2.1' ],
118 silly audit   '@rollup/plugin-replace': [ '2.4.2' ],
118 silly audit   '@rollup/pluginutils': [ '3.1.0' ],
118 silly audit   '@types/estree': [ '0.0.39', '0.0.51' ],
118 silly audit   '@rushstack/eslint-patch': [ '1.1.3' ],
118 silly audit   '@sinclair/typebox': [ '0.23.5' ],
118 silly audit   '@sinonjs/commons': [ '1.8.3' ],
118 silly audit   '@sinonjs/fake-timers': [ '8.1.0' ],
118 silly audit   '@surma/rollup-plugin-off-main-thread': [ '2.2.3' ],
118 silly audit   '@svgr/babel-plugin-add-jsx-attribute': [ '5.4.0' ],
118 silly audit   '@svgr/babel-plugin-remove-jsx-attribute': [ '5.4.0' ],
118 silly audit   '@svgr/babel-plugin-remove-jsx-empty-expression': [ '5.0.1' ],
118 silly audit   '@svgr/babel-plugin-replace-jsx-attribute-value': [ '5.0.1' ],
118 silly audit   '@svgr/babel-plugin-svg-dynamic-title': [ '5.4.0' ],
118 silly audit   '@svgr/babel-plugin-svg-em-dimensions': [ '5.4.0' ],
118 silly audit   '@svgr/babel-plugin-transform-react-native-svg': [ '5.4.0' ],
118 silly audit   '@svgr/babel-plugin-transform-svg-component': [ '5.5.0' ],
118 silly audit   '@svgr/babel-preset': [ '5.5.0' ],
118 silly audit   '@svgr/core': [ '5.5.0' ],
118 silly audit   '@svgr/hast-util-to-babel-ast': [ '5.5.0' ],
118 silly audit   '@svgr/plugin-jsx': [ '5.5.0' ],
118 silly audit   '@svgr/plugin-svgo': [ '5.5.0' ],
118 silly audit   '@svgr/webpack': [ '5.5.0' ],
118 silly audit   '@testing-library/dom': [ '8.13.0' ],
118 silly audit   'aria-query': [ '5.0.0', '4.2.2' ],
118 silly audit   '@testing-library/jest-dom': [ '5.16.4' ],
118 silly audit   '@testing-library/react': [ '13.3.0' ],
118 silly audit   '@testing-library/user-event': [ '13.5.0' ],
118 silly audit   '@tootallnate/once': [ '1.1.2' ],
118 silly audit   '@trysound/sax': [ '0.2.0' ],
118 silly audit   '@types/aria-query': [ '4.2.2' ],
118 silly audit   '@types/babel__core': [ '7.1.19' ],
118 silly audit   '@types/babel__generator': [ '7.6.4' ],
118 silly audit   '@types/babel__template': [ '7.4.1' ],
118 silly audit   '@types/babel__traverse': [ '7.17.1' ],
118 silly audit   '@types/body-parser': [ '1.19.2' ],
118 silly audit   '@types/bonjour': [ '3.5.10' ],
118 silly audit   '@types/connect': [ '3.4.35' ],
118 silly audit   '@types/connect-history-api-fallback': [ '1.3.5' ],
118 silly audit   '@types/eslint': [ '7.29.0' ],
118 silly audit   '@types/eslint-scope': [ '3.7.3' ],
118 silly audit   '@types/express': [ '4.17.13' ],
118 silly audit   '@types/express-serve-static-core': [ '4.17.28' ],
118 silly audit   '@types/graceful-fs': [ '4.1.5' ],
118 silly audit   '@types/html-minifier-terser': [ '6.1.0' ],
118 silly audit   '@types/http-proxy': [ '1.17.9' ],
118 silly audit   '@types/istanbul-lib-coverage': [ '2.0.4' ],
118 silly audit   '@types/istanbul-lib-report': [ '3.0.0' ],
118 silly audit   '@types/istanbul-reports': [ '3.0.1' ],
118 silly audit   '@types/jest': [ '28.1.1' ],
118 silly audit   '@types/json-schema': [ '7.0.11' ],
118 silly audit   '@types/json5': [ '0.0.29' ],
118 silly audit   '@types/long': [ '4.0.2' ],
118 silly audit   '@types/mime': [ '1.3.2' ],
118 silly audit   '@types/node': [ '17.0.42' ],
118 silly audit   '@types/parse-json': [ '4.0.0' ],
118 silly audit   '@types/prettier': [ '2.6.3' ],
118 silly audit   '@types/prop-types': [ '15.7.5' ],
118 silly audit   '@types/q': [ '1.5.5' ],
118 silly audit   '@types/qs': [ '6.9.7' ],
118 silly audit   '@types/range-parser': [ '1.2.4' ],
118 silly audit   '@types/react': [ '18.0.12' ],
118 silly audit   '@types/react-dom': [ '18.0.5' ],
118 silly audit   '@types/resolve': [ '1.17.1' ],
118 silly audit   '@types/retry': [ '0.12.0' ],
118 silly audit   '@types/scheduler': [ '0.16.2' ],
118 silly audit   '@types/serve-index': [ '1.9.1' ],
118 silly audit   '@types/serve-static': [ '1.13.10' ],
118 silly audit   '@types/sockjs': [ '0.3.33' ],
118 silly audit   '@types/stack-utils': [ '2.0.1' ],
118 silly audit   '@types/testing-library__jest-dom': [ '5.14.3' ],
118 silly audit   '@types/trusted-types': [ '2.0.2' ],
118 silly audit   '@types/ws': [ '8.5.3' ],
118 silly audit   '@types/yargs': [ '16.0.4', '17.0.10' ],
118 silly audit   '@types/yargs-parser': [ '21.0.0' ],
118 silly audit   '@typescript-eslint/eslint-plugin': [ '5.27.1' ],
118 silly audit   '@typescript-eslint/experimental-utils': [ '5.27.1' ],
118 silly audit   '@typescript-eslint/parser': [ '5.27.1' ],
118 silly audit   '@typescript-eslint/scope-manager': [ '5.27.1' ],
118 silly audit   '@typescript-eslint/type-utils': [ '5.27.1' ],
118 silly audit   '@typescript-eslint/types': [ '5.27.1' ],
118 silly audit   '@typescript-eslint/typescript-estree': [ '5.27.1' ],
118 silly audit   '@typescript-eslint/utils': [ '5.27.1' ],
118 silly audit   '@typescript-eslint/visitor-keys': [ '5.27.1' ],
118 silly audit   '@webassemblyjs/ast': [ '1.11.1' ],
118 silly audit   '@webassemblyjs/floating-point-hex-parser': [ '1.11.1' ],
118 silly audit   '@webassemblyjs/helper-api-error': [ '1.11.1' ],
118 silly audit   '@webassemblyjs/helper-buffer': [ '1.11.1' ],
118 silly audit   '@webassemblyjs/helper-numbers': [ '1.11.1' ],
118 silly audit   '@webassemblyjs/helper-wasm-bytecode': [ '1.11.1' ],
118 silly audit   '@webassemblyjs/helper-wasm-section': [ '1.11.1' ],
118 silly audit   '@webassemblyjs/ieee754': [ '1.11.1' ],
118 silly audit   '@webassemblyjs/leb128': [ '1.11.1' ],
118 silly audit   '@webassemblyjs/utf8': [ '1.11.1' ],
118 silly audit   '@webassemblyjs/wasm-edit': [ '1.11.1' ],
118 silly audit   '@webassemblyjs/wasm-gen': [ '1.11.1' ],
118 silly audit   '@webassemblyjs/wasm-opt': [ '1.11.1' ],
118 silly audit   '@webassemblyjs/wasm-parser': [ '1.11.1' ],
118 silly audit   '@webassemblyjs/wast-printer': [ '1.11.1' ],
118 silly audit   '@xtuc/ieee754': [ '1.2.0' ],
118 silly audit   '@xtuc/long': [ '4.2.2' ],
118 silly audit   abab: [ '2.0.6' ],
118 silly audit   accepts: [ '1.3.8' ],
118 silly audit   acorn: [ '8.7.1', '7.4.1' ],
118 silly audit   'acorn-globals': [ '6.0.0' ],
118 silly audit   'acorn-import-assertions': [ '1.8.0' ],
118 silly audit   'acorn-jsx': [ '5.3.2' ],
118 silly audit   'acorn-node': [ '1.8.2' ],
118 silly audit   'acorn-walk': [ '7.2.0' ],
118 silly audit   address: [ '1.2.0' ],
118 silly audit   'adjust-sourcemap-loader': [ '4.0.0' ],
118 silly audit   'agent-base': [ '6.0.2' ],
118 silly audit   ajv: [ '8.11.0', '6.12.6' ],
118 silly audit   'ajv-formats': [ '2.1.1' ],
118 silly audit   'ajv-keywords': [ '5.1.0', '3.5.2' ],
118 silly audit   'ansi-escapes': [ '4.3.2' ],
118 silly audit   'type-fest': [ '0.21.3', '0.16.0', '0.20.2' ],
118 silly audit   'ansi-html-community': [ '0.0.8' ],
118 silly audit   'ansi-regex': [ '5.0.1', '6.0.1' ],
118 silly audit   anymatch: [ '3.1.2' ],
118 silly audit   arg: [ '5.0.2' ],
118 silly audit   'array-flatten': [ '2.1.2', '1.1.1' ],
118 silly audit   'array-includes': [ '3.1.5' ],
118 silly audit   'array-union': [ '2.1.0' ],
118 silly audit   'array.prototype.flat': [ '1.3.0' ],
118 silly audit   'array.prototype.flatmap': [ '1.3.0' ],
118 silly audit   'array.prototype.reduce': [ '1.0.4' ],
118 silly audit   asap: [ '2.0.6' ],
118 silly audit   'ast-types-flow': [ '0.0.7' ],
118 silly audit   async: [ '3.2.4' ],
118 silly audit   asynckit: [ '0.4.0' ],
118 silly audit   'at-least-node': [ '1.0.0' ],
118 silly audit   atob: [ '2.1.2' ],
118 silly audit   autoprefixer: [ '10.4.7' ],
118 silly audit   'axe-core': [ '4.4.2' ],
118 silly audit   'axobject-query': [ '2.2.0' ],
118 silly audit   'babel-jest': [ '27.5.1' ],
118 silly audit   'babel-loader': [ '8.2.5' ],
118 silly audit   'schema-utils': [ '2.7.1', '4.0.0', '2.7.0', '3.1.1' ],
118 silly audit   'babel-plugin-dynamic-import-node': [ '2.3.3' ],
118 silly audit   'babel-plugin-istanbul': [ '6.1.1' ],
118 silly audit   'babel-plugin-jest-hoist': [ '27.5.1' ],
118 silly audit   'babel-plugin-macros': [ '3.1.0' ],
118 silly audit   'babel-plugin-named-asset-import': [ '0.3.8' ],
118 silly audit   'babel-plugin-polyfill-corejs2': [ '0.3.1' ],
118 silly audit   'babel-plugin-polyfill-corejs3': [ '0.5.2' ],
118 silly audit   'babel-plugin-polyfill-regenerator': [ '0.3.1' ],
118 silly audit   'babel-plugin-transform-react-remove-prop-types': [ '0.4.24' ],
118 silly audit   'babel-preset-current-node-syntax': [ '1.0.1' ],
118 silly audit   'babel-preset-jest': [ '27.5.1' ],
118 silly audit   'babel-preset-react-app': [ '10.0.1' ],
118 silly audit   'balanced-match': [ '1.0.2' ],
118 silly audit   batch: [ '0.6.1' ],
118 silly audit   bfj: [ '7.0.2' ],
118 silly audit   'big.js': [ '5.2.2' ],
118 silly audit   'binary-extensions': [ '2.2.0' ],
118 silly audit   bluebird: [ '3.7.2' ],
118 silly audit   'body-parser': [ '1.20.0' ],
118 silly audit   bytes: [ '3.1.2', '3.0.0' ],
118 silly audit   debug: [ '2.6.9', '4.3.4', '3.2.7' ],
118 silly audit   ms: [ '2.0.0', '2.1.2', '2.1.3' ],
118 silly audit   'bonjour-service': [ '1.0.13' ],
118 silly audit   boolbase: [ '1.0.0' ],
118 silly audit   'brace-expansion': [ '1.1.11', '2.0.1' ],
118 silly audit   braces: [ '3.0.2' ],
118 silly audit   'browser-process-hrtime': [ '1.0.0' ],
118 silly audit   browserslist: [ '4.20.4' ],
118 silly audit   bser: [ '2.1.1' ],
118 silly audit   'buffer-from': [ '1.1.2' ],
118 silly audit   'builtin-modules': [ '3.3.0' ],
118 silly audit   'call-bind': [ '1.0.2' ],
118 silly audit   callsites: [ '3.1.0' ],
118 silly audit   'camel-case': [ '4.1.2' ],
118 silly audit   'camelcase-css': [ '2.0.1' ],
118 silly audit   'caniuse-api': [ '3.0.0' ],
118 silly audit   'caniuse-lite': [ '1.0.30001352' ],
118 silly audit   'case-sensitive-paths-webpack-plugin': [ '2.4.0' ],
118 silly audit   'char-regex': [ '1.0.2', '2.0.1' ],
118 silly audit   charcodes: [ '0.2.0' ],
118 silly audit   'check-types': [ '11.1.2' ],
118 silly audit   chokidar: [ '3.5.3' ],
118 silly audit   'glob-parent': [ '5.1.2', '6.0.2' ],
118 silly audit   'chrome-trace-event': [ '1.0.3' ],
118 silly audit   'ci-info': [ '3.3.1' ],
118 silly audit   'cjs-module-lexer': [ '1.2.2' ],
118 silly audit   'clean-css': [ '5.3.0' ],
118 silly audit   cliui: [ '7.0.4' ],
118 silly audit   clsx: [ '1.1.1' ],
118 silly audit   co: [ '4.6.0' ],
118 silly audit   coa: [ '2.0.2' ],
118 silly audit   'collect-v8-coverage': [ '1.0.1' ],
118 silly audit   colord: [ '2.9.2' ],
118 silly audit   colorette: [ '2.0.17' ],
118 silly audit   'combined-stream': [ '1.0.8' ],
118 silly audit   commander: [ '7.2.0', '8.3.0', '2.20.3' ],
118 silly audit   'common-path-prefix': [ '3.0.0' ],
118 silly audit   'common-tags': [ '1.8.2' ],
118 silly audit   commondir: [ '1.0.1' ],
118 silly audit   compressible: [ '2.0.18' ],
118 silly audit   compression: [ '1.7.4' ],
118 silly audit   'concat-map': [ '0.0.1' ],
118 silly audit   'confusing-browser-globals': [ '1.0.11' ],
118 silly audit   'connect-history-api-fallback': [ '1.6.0' ],
118 silly audit   'content-disposition': [ '0.5.4' ],
118 silly audit   'safe-buffer': [ '5.2.1', '5.1.2' ],
118 silly audit   'content-type': [ '1.0.4' ],
118 silly audit   'convert-source-map': [ '1.8.0' ],
118 silly audit   cookie: [ '0.5.0' ],
118 silly audit   'cookie-signature': [ '1.0.6' ],
118 silly audit   'core-js-compat': [ '3.22.8' ],
118 silly audit   'core-js-pure': [ '3.22.8' ],
118 silly audit   'core-util-is': [ '1.0.3' ],
118 silly audit   cosmiconfig: [ '7.0.1', '6.0.0' ],
118 silly audit   'cross-spawn': [ '7.0.3' ],
118 silly audit   'crypto-random-string': [ '2.0.0' ],
118 silly audit   css: [ '3.0.0' ],
118 silly audit   'css-blank-pseudo': [ '3.0.3' ],
118 silly audit   'css-declaration-sorter': [ '6.3.0' ],
118 silly audit   'css-has-pseudo': [ '3.0.4' ],
118 silly audit   'css-loader': [ '6.7.1' ],
118 silly audit   'css-minimizer-webpack-plugin': [ '3.4.1' ],
118 silly audit   'css-prefers-color-scheme': [ '6.0.3' ],
118 silly audit   'css-select': [ '2.1.0', '4.3.0' ],
118 silly audit   'css-select-base-adapter': [ '0.1.1' ],
118 silly audit   'css-tree': [ '1.0.0-alpha.37', '1.1.3' ],
118 silly audit   'css-what': [ '3.4.2', '6.1.0' ],
118 silly audit   'css.escape': [ '1.5.1' ],
118 silly audit   cssdb: [ '6.6.3' ],
118 silly audit   cssesc: [ '3.0.0' ],
118 silly audit   cssnano: [ '5.1.11' ],
118 silly audit   'cssnano-preset-default': [ '5.2.11' ],
118 silly audit   'cssnano-utils': [ '3.1.0' ],
118 silly audit   csso: [ '4.2.0' ],
118 silly audit   'mdn-data': [ '2.0.14', '2.0.4' ],
118 silly audit   cssom: [ '0.4.4', '0.3.8' ],
118 silly audit   cssstyle: [ '2.3.0' ],
118 silly audit   csstype: [ '3.1.0' ],
118 silly audit   'damerau-levenshtein': [ '1.0.8' ],
118 silly audit   'data-urls': [ '2.0.0' ],
118 silly audit   'decimal.js': [ '10.3.1' ],
118 silly audit   'decode-uri-component': [ '0.2.0' ],
118 silly audit   dedent: [ '0.7.0' ],
118 silly audit   'deep-is': [ '0.1.4' ],
118 silly audit   deepmerge: [ '4.2.2' ],
118 silly audit   'default-gateway': [ '6.0.3' ],
118 silly audit   'define-lazy-prop': [ '2.0.0' ],
118 silly audit   'define-properties': [ '1.1.4' ],
118 silly audit   defined: [ '1.0.0' ],
118 silly audit   'delayed-stream': [ '1.0.0' ],
118 silly audit   depd: [ '2.0.0', '1.1.2' ],
118 silly audit   destroy: [ '1.2.0' ],
118 silly audit   'detect-newline': [ '3.1.0' ],
118 silly audit   'detect-node': [ '2.1.0' ],
118 silly audit   'detect-port-alt': [ '1.1.6' ],
118 silly audit   detective: [ '5.2.1' ],
118 silly audit   didyoumean: [ '1.2.2' ],
118 silly audit   'diff-sequences': [ '27.5.1' ],
118 silly audit   'dir-glob': [ '3.0.1' ],
118 silly audit   dlv: [ '1.1.3' ],
118 silly audit   'dns-equal': [ '1.0.0' ],
118 silly audit   'dns-packet': [ '5.3.1' ],
118 silly audit   doctrine: [ '3.0.0', '2.1.0' ],
118 silly audit   'dom-accessibility-api': [ '0.5.14' ],
118 silly audit   'dom-converter': [ '0.2.0' ],
118 silly audit   'dom-serializer': [ '0.2.2', '1.4.1' ],
118 silly audit   domelementtype: [ '2.3.0', '1.3.1' ],
118 silly audit   domexception: [ '2.0.1' ],
118 silly audit   'webidl-conversions': [ '5.0.0', '3.0.1', '6.1.0', '4.0.2' ],
118 silly audit   domhandler: [ '4.3.1' ],
118 silly audit   domutils: [ '1.7.0', '2.8.0' ],
118 silly audit   'dot-case': [ '3.0.4' ],
118 silly audit   dotenv: [ '10.0.0' ],
118 silly audit   'dotenv-expand': [ '5.1.0' ],
118 silly audit   duplexer: [ '0.1.2' ],
118 silly audit   'ee-first': [ '1.1.1' ],
118 silly audit   ejs: [ '3.1.8' ],
118 silly audit   'electron-to-chromium': [ '1.4.152' ],
118 silly audit   emittery: [ '0.8.1', '0.10.2' ],
118 silly audit   'emoji-regex': [ '9.2.2', '8.0.0' ],
118 silly audit   'emojis-list': [ '3.0.0' ],
118 silly audit   encodeurl: [ '1.0.2' ],
118 silly audit   'enhanced-resolve': [ '5.9.3' ],
118 silly audit   entities: [ '2.2.0' ],
118 silly audit   'error-ex': [ '1.3.2' ],
118 silly audit   'error-stack-parser': [ '2.1.4' ],
118 silly audit   'es-abstract': [ '1.20.1' ],
118 silly audit   'es-array-method-boxes-properly': [ '1.0.0' ],
118 silly audit   'es-module-lexer': [ '0.9.3' ],
118 silly audit   'es-shim-unscopables': [ '1.0.0' ],
118 silly audit   'es-to-primitive': [ '1.2.1' ],
118 silly audit   escalade: [ '3.1.1' ],
118 silly audit   'escape-html': [ '1.0.3' ],
118 silly audit   'escape-string-regexp': [ '1.0.5', '4.0.0', '2.0.0' ],
118 silly audit   escodegen: [ '2.0.0' ],
118 silly audit   levn: [ '0.3.0', '0.4.1' ],
118 silly audit   optionator: [ '0.8.3', '0.9.1' ],
118 silly audit   'prelude-ls': [ '1.1.2', '1.2.1' ],
118 silly audit   'type-check': [ '0.3.2', '0.4.0' ],
118 silly audit   eslint: [ '8.17.0' ],
118 silly audit   'eslint-config-react-app': [ '7.0.1' ],
118 silly audit   'eslint-import-resolver-node': [ '0.3.6' ],
118 silly audit   'eslint-module-utils': [ '2.7.3' ],
118 silly audit   'p-try': [ '1.0.0', '2.2.0' ],
118 silly audit   'path-exists': [ '3.0.0', '4.0.0' ],
118 silly audit   'eslint-plugin-flowtype': [ '8.0.3' ],
118 silly audit   'eslint-plugin-import': [ '2.26.0' ],
118 silly audit   'eslint-plugin-jest': [ '25.7.0' ],
118 silly audit   'eslint-plugin-jsx-a11y': [ '6.5.1' ],
118 silly audit   'eslint-plugin-react': [ '7.30.0' ],
118 silly audit   'eslint-plugin-react-hooks': [ '4.5.0' ],
118 silly audit   resolve: [ '2.0.0-next.3', '1.22.0' ],
118 silly audit   'eslint-plugin-testing-library': [ '5.5.1' ],
118 silly audit   'eslint-utils': [ '3.0.0' ],
118 silly audit   'eslint-webpack-plugin': [ '3.1.1' ],
118 silly audit   espree: [ '9.3.2' ],
118 silly audit   esprima: [ '4.0.1' ],
118 silly audit   esquery: [ '1.4.0' ],
118 silly audit   esrecurse: [ '4.3.0' ],
118 silly audit   'estree-walker': [ '1.0.1' ],
118 silly audit   esutils: [ '2.0.3' ],
118 silly audit   etag: [ '1.8.1' ],
118 silly audit   eventemitter3: [ '4.0.7' ],
118 silly audit   events: [ '3.3.0' ],
118 silly audit   execa: [ '5.1.1' ],
118 silly audit   exit: [ '0.1.2' ],
118 silly audit   expect: [ '27.5.1' ],
118 silly audit   express: [ '4.18.1' ],
118 silly audit   'fast-deep-equal': [ '3.1.3' ],
118 silly audit   'fast-glob': [ '3.2.11' ],
118 silly audit   'fast-json-stable-stringify': [ '2.1.0' ],
118 silly audit   'fast-levenshtein': [ '2.0.6' ],
118 silly audit   fastq: [ '1.13.0' ],
118 silly audit   'faye-websocket': [ '0.11.4' ],
118 silly audit   'fb-watchman': [ '2.0.1' ],
118 silly audit   'file-entry-cache': [ '6.0.1' ],
118 silly audit   'file-loader': [ '6.2.0' ],
118 silly audit   filelist: [ '1.0.4' ],
118 silly audit   minimatch: [ '5.1.0', '3.1.2', '3.0.4' ],
118 silly audit   filesize: [ '8.0.7' ],
118 silly audit   'fill-range': [ '7.0.1' ],
118 silly audit   finalhandler: [ '1.2.0' ],
118 silly audit   'find-cache-dir': [ '3.3.2' ],
118 silly audit   firebase: [ '9.8.3' ],
118 silly audit   'flat-cache': [ '3.0.4' ],
118 silly audit   flatted: [ '3.2.5' ],
118 silly audit   'follow-redirects': [ '1.15.1' ],
118 silly audit   'fork-ts-checker-webpack-plugin': [ '6.5.2' ],
118 silly audit   'fs-extra': [ '9.1.0', '10.1.0' ],
118 silly audit   tapable: [ '1.1.3', '2.2.1' ],
118 silly audit   'form-data': [ '3.0.1' ],
118 silly audit   forwarded: [ '0.2.0' ],
118 silly audit   'fraction.js': [ '4.2.0' ],
118 silly audit   fresh: [ '0.5.2' ],
118 silly audit   'fs-monkey': [ '1.0.3' ],
118 silly audit   'fs.realpath': [ '1.0.0' ],
118 silly audit   fsevents: [ '2.3.2' ],
118 silly audit   'function-bind': [ '1.1.1' ],
118 silly audit   'function.prototype.name': [ '1.1.5' ],
118 silly audit   'functional-red-black-tree': [ '1.0.1' ],
118 silly audit   'functions-have-names': [ '1.2.3' ],
118 silly audit   gensync: [ '1.0.0-beta.2' ],
118 silly audit   'get-caller-file': [ '2.0.5' ],
118 silly audit   'get-intrinsic': [ '1.1.2' ],
118 silly audit   'get-own-enumerable-property-symbols': [ '3.0.2' ],
118 silly audit   'get-package-type': [ '0.1.0' ],
118 silly audit   'get-stream': [ '6.0.1' ],
118 silly audit   'get-symbol-description': [ '1.0.0' ],
118 silly audit   glob: [ '7.2.3' ],
118 silly audit   'glob-to-regexp': [ '0.4.1' ],
118 silly audit   'global-modules': [ '2.0.0' ],
118 silly audit   'global-prefix': [ '3.0.0' ],
118 silly audit   which: [ '1.3.1', '2.0.2' ],
118 silly audit   globby: [ '11.1.0' ],
118 silly audit   'graceful-fs': [ '4.2.10' ],
118 silly audit   'gzip-size': [ '6.0.0' ],
118 silly audit   'handle-thing': [ '2.0.1' ],
118 silly audit   'harmony-reflect': [ '1.6.2' ],
118 silly audit   has: [ '1.0.3' ],
118 silly audit   'has-bigints': [ '1.0.2' ],
118 silly audit   'has-property-descriptors': [ '1.0.0' ],
118 silly audit   'has-symbols': [ '1.0.3' ],
118 silly audit   'has-tostringtag': [ '1.0.0' ],
118 silly audit   he: [ '1.2.0' ],
118 silly audit   history: [ '5.3.0' ],
118 silly audit   hoopy: [ '0.1.4' ],
118 silly audit   'hpack.js': [ '2.1.6' ],
118 silly audit   'readable-stream': [ '2.3.7', '3.6.0' ],
118 silly audit   'html-encoding-sniffer': [ '2.0.1' ],
118 silly audit   'html-entities': [ '2.3.3' ],
118 silly audit   'html-escaper': [ '2.0.2' ],
118 silly audit   'html-minifier-terser': [ '6.1.0' ],
118 silly audit   'html-webpack-plugin': [ '5.5.0' ],
118 silly audit   htmlparser2: [ '6.1.0' ],
118 silly audit   'http-deceiver': [ '1.2.7' ],
118 silly audit   'http-errors': [ '2.0.0', '1.6.3' ],
118 silly audit   'http-parser-js': [ '0.5.6' ],
118 silly audit   'http-proxy': [ '1.18.1' ],
118 silly audit   'http-proxy-agent': [ '4.0.1' ],
118 silly audit   'http-proxy-middleware': [ '2.0.6' ],
118 silly audit   'https-proxy-agent': [ '5.0.1' ],
118 silly audit   'human-signals': [ '2.1.0' ],
118 silly audit   'iconv-lite': [ '0.4.24', '0.6.3' ],
118 silly audit   'icss-utils': [ '5.1.0' ],
118 silly audit   'identity-obj-proxy': [ '3.0.0' ],
118 silly audit   ignore: [ '5.2.0' ],
118 silly audit   immediate: [ '3.0.6' ],
118 silly audit   immer: [ '9.0.14' ],
118 silly audit   'import-fresh': [ '3.3.0' ],
118 silly audit   'import-local': [ '3.1.0' ],
118 silly audit   imurmurhash: [ '0.1.4' ],
118 silly audit   'indent-string': [ '4.0.0' ],
118 silly audit   inflight: [ '1.0.6' ],
118 silly audit   inherits: [ '2.0.4', '2.0.3' ],
118 silly audit   ini: [ '1.3.8' ],
118 silly audit   'internal-slot': [ '1.0.3' ],
118 silly audit   'ipaddr.js': [ '2.0.1', '1.9.1' ],
118 silly audit   'is-arrayish': [ '0.2.1' ],
118 silly audit   'is-bigint': [ '1.0.4' ],
118 silly audit   'is-binary-path': [ '2.1.0' ],
118 silly audit   'is-boolean-object': [ '1.1.2' ],
118 silly audit   'is-callable': [ '1.2.4' ],
118 silly audit   'is-core-module': [ '2.9.0' ],
118 silly audit   'is-date-object': [ '1.0.5' ],
118 silly audit   'is-docker': [ '2.2.1' ],
118 silly audit   'is-extglob': [ '2.1.1' ],
118 silly audit   'is-fullwidth-code-point': [ '3.0.0' ],
118 silly audit   'is-generator-fn': [ '2.1.0' ],
118 silly audit   'is-glob': [ '4.0.3' ],
118 silly audit   'is-module': [ '1.0.0' ],
118 silly audit   'is-negative-zero': [ '2.0.2' ],
118 silly audit   'is-number': [ '7.0.0' ],
118 silly audit   'is-number-object': [ '1.0.7' ],
118 silly audit   'is-obj': [ '1.0.1' ],
118 silly audit   'is-plain-obj': [ '3.0.0' ],
118 silly audit   'is-potential-custom-element-name': [ '1.0.1' ],
118 silly audit   'is-regex': [ '1.1.4' ],
118 silly audit   'is-regexp': [ '1.0.0' ],
118 silly audit   'is-root': [ '2.1.0' ],
118 silly audit   'is-shared-array-buffer': [ '1.0.2' ],
118 silly audit   'is-stream': [ '2.0.1' ],
118 silly audit   'is-string': [ '1.0.7' ],
118 silly audit   'is-symbol': [ '1.0.4' ],
118 silly audit   'is-typedarray': [ '1.0.0' ],
118 silly audit   'is-weakref': [ '1.0.2' ],
118 silly audit   'is-wsl': [ '2.2.0' ],
118 silly audit   isarray: [ '1.0.0' ],
118 silly audit   isexe: [ '2.0.0' ],
118 silly audit   'istanbul-lib-coverage': [ '3.2.0' ],
118 silly audit   'istanbul-lib-instrument': [ '5.2.0' ],
118 silly audit   'istanbul-lib-report': [ '3.0.0' ],
118 silly audit   'istanbul-lib-source-maps': [ '4.0.1' ],
118 silly audit   'istanbul-reports': [ '3.1.4' ],
118 silly audit   jake: [ '10.8.5' ],
118 silly audit   jest: [ '27.5.1' ],
118 silly audit   'jest-changed-files': [ '27.5.1' ],
118 silly audit   'jest-circus': [ '27.5.1' ],
118 silly audit   'jest-config': [ '27.5.1' ],
118 silly audit   'jest-diff': [ '27.5.1' ],
118 silly audit   'jest-docblock': [ '27.5.1' ],
118 silly audit   'jest-each': [ '27.5.1' ],
118 silly audit   'jest-environment-jsdom': [ '27.5.1' ],
118 silly audit   'jest-environment-node': [ '27.5.1' ],
118 silly audit   'jest-get-type': [ '27.5.1' ],
118 silly audit   'jest-haste-map': [ '27.5.1' ],
118 silly audit   'jest-jasmine2': [ '27.5.1' ],
118 silly audit   'jest-leak-detector': [ '27.5.1' ],
118 silly audit   'jest-matcher-utils': [ '27.5.1' ],
118 silly audit   'jest-message-util': [ '27.5.1', '28.1.1' ],
118 silly audit   'jest-mock': [ '27.5.1' ],
118 silly audit   'jest-pnp-resolver': [ '1.2.2' ],
118 silly audit   'jest-regex-util': [ '27.5.1', '28.0.2' ],
118 silly audit   'jest-resolve': [ '27.5.1' ],
118 silly audit   'jest-resolve-dependencies': [ '27.5.1' ],
118 silly audit   'jest-runner': [ '27.5.1' ],
118 silly audit   'jest-runtime': [ '27.5.1' ],
118 silly audit   'strip-bom': [ '4.0.0', '3.0.0' ],
118 silly audit   'jest-serializer': [ '27.5.1' ],
118 silly audit   'jest-snapshot': [ '27.5.1' ],
118 silly audit   'jest-util': [ '27.5.1', '28.1.1' ],
118 silly audit   'jest-validate': [ '27.5.1' ],
118 silly audit   'jest-watch-typeahead': [ '1.1.0' ],
118 silly audit   slash: [ '3.0.0', '4.0.0' ],
118 silly audit   'jest-watcher': [ '28.1.1', '27.5.1' ],
118 silly audit   'string-length': [ '4.0.2', '5.0.1' ],
118 silly audit   'strip-ansi': [ '6.0.1', '7.0.1' ],
118 silly audit   'pretty-format': [ '28.1.1', '27.5.1' ],
118 silly audit   'react-is': [ '18.1.0', '17.0.2', '16.13.1' ],
118 silly audit   'jest-worker': [ '27.5.1', '26.6.2' ],
118 silly audit   'jest-cli': [ '27.5.1' ],
118 silly audit   'js-tokens': [ '4.0.0' ],
118 silly audit   jsdom: [ '16.7.0' ],
118 silly audit   jsesc: [ '2.5.2', '0.5.0' ],
118 silly audit   'json-parse-even-better-errors': [ '2.3.1' ],
118 silly audit   'json-schema': [ '0.4.0' ],
118 silly audit   'json-stable-stringify-without-jsonify': [ '1.0.1' ],
118 silly audit   json5: [ '2.2.1', '1.0.1' ],
118 silly audit   jsonfile: [ '6.1.0' ],
118 silly audit   jsonpointer: [ '5.0.0' ],
118 silly audit   'jsx-ast-utils': [ '3.3.0' ],
118 silly audit   jszip: [ '3.10.0' ],
118 silly audit   'kind-of': [ '6.0.3' ],
118 silly audit   kleur: [ '3.0.3' ],
118 silly audit   klona: [ '2.0.5' ],
118 silly audit   'language-subtag-registry': [ '0.3.21' ],
118 silly audit   'language-tags': [ '1.0.5' ],
118 silly audit   leaflet: [ '1.8.0' ],
118 silly audit   leven: [ '3.1.0' ],
118 silly audit   lie: [ '3.3.0' ],
118 silly audit   lilconfig: [ '2.0.5' ],
118 silly audit   'lines-and-columns': [ '1.2.4' ],
118 silly audit   'loader-runner': [ '4.3.0' ],
118 silly audit   'loader-utils': [ '2.0.2', '3.2.0' ],
118 silly audit   lodash: [ '4.17.21' ],
118 silly audit   'lodash.camelcase': [ '4.3.0' ],
118 silly audit   'lodash.debounce': [ '4.0.8' ],
118 silly audit   'lodash.memoize': [ '4.1.2' ],
118 silly audit   'lodash.merge': [ '4.6.2' ],
118 silly audit   'lodash.sortby': [ '4.7.0' ],
118 silly audit   'lodash.uniq': [ '4.5.0' ],
118 silly audit   long: [ '4.0.0' ],
118 silly audit   'loose-envify': [ '1.4.0' ],
118 silly audit   'lower-case': [ '2.0.2' ],
118 silly audit   'lru-cache': [ '6.0.0' ],
118 silly audit   'lz-string': [ '1.4.4' ],
118 silly audit   'magic-string': [ '0.25.9' ],
118 silly audit   'make-dir': [ '3.1.0' ],
118 silly audit   makeerror: [ '1.0.12' ],
118 silly audit   'media-typer': [ '0.3.0' ],
118 silly audit   memfs: [ '3.4.4' ],
118 silly audit   'merge-descriptors': [ '1.0.1' ],
118 silly audit   'merge-stream': [ '2.0.0' ],
118 silly audit   merge2: [ '1.4.1' ],
118 silly audit   methods: [ '1.1.2' ],
118 silly audit   micromatch: [ '4.0.5' ],
118 silly audit   mime: [ '1.6.0' ],
118 silly audit   'mime-db': [ '1.52.0' ],
118 silly audit   'mime-types': [ '2.1.35' ],
118 silly audit   'mimic-fn': [ '2.1.0' ],
118 silly audit   'min-indent': [ '1.0.1' ],
118 silly audit   'mini-css-extract-plugin': [ '2.6.0' ],
118 silly audit   'minimalistic-assert': [ '1.0.1' ],
118 silly audit   minimist: [ '1.2.6' ],
118 silly audit   mkdirp: [ '0.5.6' ],
118 silly audit   'multicast-dns': [ '7.2.5' ],
118 silly audit   nanoid: [ '3.3.4' ],
118 silly audit   'natural-compare': [ '1.4.0' ],
118 silly audit   negotiator: [ '0.6.3' ],
118 silly audit   'neo-async': [ '2.6.2' ],
118 silly audit   'no-case': [ '3.0.4' ],
118 silly audit   'node-fetch': [ '2.6.7' ],
118 silly audit   tr46: [ '0.0.3', '2.1.0', '1.0.1' ],
118 silly audit   'whatwg-url': [ '5.0.0', '8.7.0', '7.1.0' ],
118 silly audit   'node-forge': [ '1.3.1' ],
118 silly audit   'node-int64': [ '0.4.0' ],
118 silly audit   'node-releases': [ '2.0.5' ],
118 silly audit   'normalize-path': [ '3.0.0' ],
118 silly audit   'normalize-range': [ '0.1.2' ],
118 silly audit   'normalize-url': [ '6.1.0' ],
118 silly audit   'npm-run-path': [ '4.0.1' ],
118 silly audit   'nth-check': [ '1.0.2', '2.1.1' ],
118 silly audit   nwsapi: [ '2.2.0' ],
118 silly audit   'object-assign': [ '4.1.1' ],
118 silly audit   'object-hash': [ '3.0.0' ],
118 silly audit   'object-inspect': [ '1.12.2' ],
118 silly audit   'object-keys': [ '1.1.1' ],
118 silly audit   'object.assign': [ '4.1.2' ],
118 silly audit   'object.entries': [ '1.1.5' ],
118 silly audit   'object.fromentries': [ '2.0.5' ],
118 silly audit   'object.getownpropertydescriptors': [ '2.1.4' ],
118 silly audit   'object.hasown': [ '1.1.1' ],
118 silly audit   'object.values': [ '1.1.5' ],
118 silly audit   obuf: [ '1.1.2' ],
118 silly audit   'on-finished': [ '2.4.1' ],
118 silly audit   'on-headers': [ '1.0.2' ],
118 silly audit   once: [ '1.4.0' ],
118 silly audit   onetime: [ '5.1.2' ],
118 silly audit   open: [ '8.4.0' ],
118 silly audit   'p-retry': [ '4.6.2' ],
118 silly audit   pako: [ '1.0.11' ],
118 silly audit   'param-case': [ '3.0.4' ],
118 silly audit   'parent-module': [ '1.0.1' ],
118 silly audit   'parse-json': [ '5.2.0' ],
118 silly audit   parse5: [ '6.0.1' ],
118 silly audit   parseurl: [ '1.3.3' ],
118 silly audit   'pascal-case': [ '3.1.2' ],
118 silly audit   'path-is-absolute': [ '1.0.1' ],
118 silly audit   'path-key': [ '3.1.1' ],
118 silly audit   'path-parse': [ '1.0.7' ],
118 silly audit   'path-to-regexp': [ '0.1.7' ],
118 silly audit   'path-type': [ '4.0.0' ],
118 silly audit   'performance-now': [ '2.1.0' ],
118 silly audit   picocolors: [ '1.0.0', '0.2.1' ],
118 silly audit   picomatch: [ '2.3.1' ],
118 silly audit   pify: [ '2.3.0' ],
118 silly audit   pirates: [ '4.0.5' ],
118 silly audit   'pkg-dir': [ '4.2.0' ],
118 silly audit   'pkg-up': [ '3.1.0' ],
118 silly audit   postcss: [ '8.4.14', '7.0.39' ],
118 silly audit   'postcss-attribute-case-insensitive': [ '5.0.1' ],
118 silly audit   'postcss-browser-comments': [ '4.0.0' ],
118 silly audit   'postcss-calc': [ '8.2.4' ],
118 silly audit   'postcss-clamp': [ '4.1.0' ],
118 silly audit   'postcss-color-functional-notation': [ '4.2.3' ],
118 silly audit   'postcss-color-hex-alpha': [ '8.0.4' ],
118 silly audit   'postcss-color-rebeccapurple': [ '7.1.0' ],
118 silly audit   'postcss-colormin': [ '5.3.0' ],
118 silly audit   'postcss-convert-values': [ '5.1.2' ],
118 silly audit   'postcss-custom-media': [ '8.0.2' ],
118 silly audit   'postcss-custom-properties': [ '12.1.8' ],
118 silly audit   'postcss-custom-selectors': [ '6.0.3' ],
118 silly audit   'postcss-dir-pseudo-class': [ '6.0.4' ],
118 silly audit   'postcss-discard-comments': [ '5.1.2' ],
118 silly audit   'postcss-discard-duplicates': [ '5.1.0' ],
118 silly audit   'postcss-discard-empty': [ '5.1.1' ],
118 silly audit   'postcss-discard-overridden': [ '5.1.0' ],
118 silly audit   'postcss-double-position-gradients': [ '3.1.1' ],
118 silly audit   'postcss-env-function': [ '4.0.6' ],
118 silly audit   'postcss-flexbugs-fixes': [ '5.0.2' ],
118 silly audit   'postcss-focus-visible': [ '6.0.4' ],
118 silly audit   'postcss-focus-within': [ '5.0.4' ],
118 silly audit   'postcss-font-variant': [ '5.0.0' ],
118 silly audit   'postcss-gap-properties': [ '3.0.3' ],
118 silly audit   'postcss-image-set-function': [ '4.0.6' ],
118 silly audit   'postcss-import': [ '14.1.0' ],
118 silly audit   'postcss-initial': [ '4.0.1' ],
118 silly audit   'postcss-js': [ '4.0.0' ],
118 silly audit   'postcss-lab-function': [ '4.2.0' ],
118 silly audit   'postcss-load-config': [ '3.1.4' ],
118 silly audit   'postcss-loader': [ '6.2.1' ],
118 silly audit   'postcss-logical': [ '5.0.4' ],
118 silly audit   'postcss-media-minmax': [ '5.0.0' ],
118 silly audit   'postcss-merge-longhand': [ '5.1.5' ],
118 silly audit   'postcss-merge-rules': [ '5.1.2' ],
118 silly audit   'postcss-minify-font-values': [ '5.1.0' ],
118 silly audit   'postcss-minify-gradients': [ '5.1.1' ],
118 silly audit   'postcss-minify-params': [ '5.1.3' ],
118 silly audit   'postcss-minify-selectors': [ '5.2.1' ],
118 silly audit   'postcss-modules-extract-imports': [ '3.0.0' ],
118 silly audit   'postcss-modules-local-by-default': [ '4.0.0' ],
118 silly audit   'postcss-modules-scope': [ '3.0.0' ],
118 silly audit   'postcss-modules-values': [ '4.0.0' ],
118 silly audit   'postcss-nested': [ '5.0.6' ],
118 silly audit   'postcss-nesting': [ '10.1.8' ],
118 silly audit   'postcss-normalize': [ '10.0.1' ],
118 silly audit   'postcss-normalize-charset': [ '5.1.0' ],
118 silly audit   'postcss-normalize-display-values': [ '5.1.0' ],
118 silly audit   'postcss-normalize-positions': [ '5.1.0' ],
118 silly audit   'postcss-normalize-repeat-style': [ '5.1.0' ],
118 silly audit   'postcss-normalize-string': [ '5.1.0' ],
118 silly audit   'postcss-normalize-timing-functions': [ '5.1.0' ],
118 silly audit   'postcss-normalize-unicode': [ '5.1.0' ],
118 silly audit   'postcss-normalize-url': [ '5.1.0' ],
118 silly audit   'postcss-normalize-whitespace': [ '5.1.1' ],
118 silly audit   'postcss-opacity-percentage': [ '1.1.2' ],
118 silly audit   'postcss-ordered-values': [ '5.1.2' ],
118 silly audit   'postcss-overflow-shorthand': [ '3.0.3' ],
118 silly audit   'postcss-page-break': [ '3.0.4' ],
118 silly audit   'postcss-place': [ '7.0.4' ],
118 silly audit   'postcss-preset-env': [ '7.7.1' ],
118 silly audit   'postcss-pseudo-class-any-link': [ '7.1.4' ],
118 silly audit   'postcss-reduce-initial': [ '5.1.0' ],
118 silly audit   'postcss-reduce-transforms': [ '5.1.0' ],
118 silly audit   'postcss-replace-overflow-wrap': [ '4.0.0' ],
118 silly audit   'postcss-selector-not': [ '6.0.0' ],
118 silly audit   'postcss-selector-parser': [ '6.0.10' ],
118 silly audit   'postcss-svgo': [ '5.1.0' ],
118 silly audit   svgo: [ '2.8.0', '1.3.2' ],
118 silly audit   'postcss-unique-selectors': [ '5.1.1' ],
118 silly audit   'postcss-value-parser': [ '4.2.0' ],
118 silly audit   'pretty-bytes': [ '5.6.0' ],
118 silly audit   'pretty-error': [ '4.0.0' ],
118 silly audit   'process-nextick-args': [ '2.0.1' ],
118 silly audit   promise: [ '8.1.0' ],
118 silly audit   'promise-polyfill': [ '8.1.3' ],
118 silly audit   prompts: [ '2.4.2' ],
118 silly audit   'prop-types': [ '15.8.1' ],
118 silly audit   protobufjs: [ '6.11.3' ],
118 silly audit   'proxy-addr': [ '2.0.7' ],
118 silly audit   psl: [ '1.8.0' ],
118 silly audit   punycode: [ '2.1.1' ],
118 silly audit   q: [ '1.5.1' ],
118 silly audit   qs: [ '6.10.3' ],
118 silly audit   'queue-microtask': [ '1.2.3' ],
118 silly audit   'quick-lru': [ '5.1.1' ],
118 silly audit   raf: [ '3.4.1' ],
118 silly audit   randombytes: [ '2.1.0' ],
118 silly audit   'range-parser': [ '1.2.1' ],
118 silly audit   'raw-body': [ '2.5.1' ],
118 silly audit   react: [ '18.1.0' ],
118 silly audit   'react-app-polyfill': [ '3.0.0' ],
118 silly audit   'react-dev-utils': [ '12.0.1' ],
118 silly audit   'react-dom': [ '18.1.0' ],
118 silly audit   'react-error-overlay': [ '6.0.11' ],
118 silly audit   'react-leaflet': [ '4.0.0' ],
118 silly audit   'react-refresh': [ '0.11.0' ],
118 silly audit   'react-router': [ '6.3.0' ],
118 silly audit   'react-router-dom': [ '6.3.0' ],
118 silly audit   'react-scripts': [ '5.0.1' ],
118 silly audit   'react-toastify': [ '9.0.4' ],
118 silly audit   'read-cache': [ '1.0.0' ],
118 silly audit   readdirp: [ '3.6.0' ],
118 silly audit   'recursive-readdir': [ '2.2.2' ],
118 silly audit   redent: [ '3.0.0' ],
118 silly audit   regenerate: [ '1.4.2' ],
118 silly audit   'regenerate-unicode-properties': [ '10.0.1' ],
118 silly audit   'regenerator-runtime': [ '0.13.9' ],
118 silly audit   'regenerator-transform': [ '0.15.0' ],
118 silly audit   'regex-parser': [ '2.2.11' ],
118 silly audit   'regexp.prototype.flags': [ '1.4.3' ],
118 silly audit   regexpp: [ '3.2.0' ],
118 silly audit   'regexpu-core': [ '5.0.1' ],
118 silly audit   regjsgen: [ '0.6.0' ],
118 silly audit   regjsparser: [ '0.8.4' ],
118 silly audit   relateurl: [ '0.2.7' ],
118 silly audit   renderkid: [ '3.0.0' ],
118 silly audit   'require-directory': [ '2.1.1' ],
118 silly audit   'require-from-string': [ '2.0.2' ],
118 silly audit   'requires-port': [ '1.0.0' ],
118 silly audit   'resolve-cwd': [ '3.0.0' ],
118 silly audit   'resolve-url-loader': [ '4.0.0' ],
118 silly audit   'resolve.exports': [ '1.1.0' ],
118 silly audit   retry: [ '0.13.1' ],
118 silly audit   reusify: [ '1.0.4' ],
118 silly audit   rimraf: [ '3.0.2' ],
118 silly audit   rollup: [ '2.75.6' ],
118 silly audit   'rollup-plugin-terser': [ '7.0.2' ],
118 silly audit   'serialize-javascript': [ '4.0.0', '6.0.0' ],
118 silly audit   'run-parallel': [ '1.2.0' ],
118 silly audit   'safer-buffer': [ '2.1.2' ],
118 silly audit   'sanitize.css': [ '13.0.0' ],
118 silly audit   'sass-loader': [ '12.6.0' ],
118 silly audit   sax: [ '1.2.4' ],
118 silly audit   saxes: [ '5.0.1' ],
118 silly audit   scheduler: [ '0.22.0' ],
118 silly audit   'select-hose': [ '2.0.0' ],
118 silly audit   'selenium-webdriver': [ '4.1.2' ],
118 silly audit   selfsigned: [ '2.0.1' ],
118 silly audit   send: [ '0.18.0' ],
118 silly audit   'serve-index': [ '1.9.1' ],
118 silly audit   setprototypeof: [ '1.1.0', '1.2.0' ],
118 silly audit   statuses: [ '1.5.0', '2.0.1' ],
118 silly audit   'serve-static': [ '1.15.0' ],
118 silly audit   setimmediate: [ '1.0.5' ],
118 silly audit   'shebang-command': [ '2.0.0' ],
118 silly audit   'shebang-regex': [ '3.0.0' ],
118 silly audit   'shell-quote': [ '1.7.3' ],
118 silly audit   'side-channel': [ '1.0.4' ],
118 silly audit   'signal-exit': [ '3.0.7' ],
118 silly audit   sisteransi: [ '1.0.5' ],
118 silly audit   sockjs: [ '0.3.24' ],
118 silly audit   'source-list-map': [ '2.0.1' ],
118 silly audit   'source-map-js': [ '1.0.2' ],
118 silly audit   'source-map-loader': [ '3.0.1' ],
118 silly audit   'source-map-resolve': [ '0.6.0' ],
118 silly audit   'source-map-support': [ '0.5.21' ],
118 silly audit   'sourcemap-codec': [ '1.4.8' ],
118 silly audit   spdy: [ '4.0.2' ],
118 silly audit   'spdy-transport': [ '3.0.0' ],
118 silly audit   'sprintf-js': [ '1.0.3' ],
118 silly audit   stable: [ '0.1.8' ],
118 silly audit   'stack-utils': [ '2.0.5' ],
118 silly audit   stackframe: [ '1.3.4' ],
118 silly audit   string_decoder: [ '1.1.1' ],
118 silly audit   'string-natural-compare': [ '3.0.1' ],
118 silly audit   'string-width': [ '4.2.3' ],
118 silly audit   'string.prototype.matchall': [ '4.0.7' ],
118 silly audit   'string.prototype.trimend': [ '1.0.5' ],
118 silly audit   'string.prototype.trimstart': [ '1.0.5' ],
118 silly audit   'stringify-object': [ '3.3.0' ],
118 silly audit   'strip-comments': [ '2.0.1' ],
118 silly audit   'strip-final-newline': [ '2.0.0' ],
118 silly audit   'strip-indent': [ '3.0.0' ],
118 silly audit   'strip-json-comments': [ '3.1.1' ],
118 silly audit   'style-loader': [ '3.3.1' ],
118 silly audit   stylehacks: [ '5.1.0' ],
118 silly audit   'supports-hyperlinks': [ '2.2.0' ],
118 silly audit   'supports-preserve-symlinks-flag': [ '1.0.0' ],
118 silly audit   'svg-parser': [ '2.0.4' ],
118 silly audit   'symbol-tree': [ '3.2.4' ],
118 silly audit   tailwindcss: [ '3.1.2' ],
118 silly audit   'temp-dir': [ '2.0.0' ],
118 silly audit   tempy: [ '0.6.0' ],
118 silly audit   'terminal-link': [ '2.1.1' ],
118 silly audit   terser: [ '5.14.1' ],
118 silly audit   'terser-webpack-plugin': [ '5.3.3' ],
118 silly audit   'test-exclude': [ '6.0.0' ],
118 silly audit   'text-table': [ '0.2.0' ],
118 silly audit   throat: [ '6.0.1' ],
118 silly audit   thunky: [ '1.1.0' ],
118 silly audit   tmp: [ '0.2.1' ],
118 silly audit   tmpl: [ '1.0.5' ],
118 silly audit   'to-fast-properties': [ '2.0.0' ],
118 silly audit   'to-regex-range': [ '5.0.1' ],
118 silly audit   toidentifier: [ '1.0.1' ],
118 silly audit   'tough-cookie': [ '4.0.0' ],
118 silly audit   universalify: [ '0.1.2', '2.0.0' ],
118 silly audit   tryer: [ '1.0.1' ],
118 silly audit   'tsconfig-paths': [ '3.14.1' ],
118 silly audit   tsutils: [ '3.21.0' ],
118 silly audit   'type-detect': [ '4.0.8' ],
118 silly audit   'type-is': [ '1.6.18' ],
118 silly audit   'typedarray-to-buffer': [ '3.1.5' ],
118 silly audit   'unbox-primitive': [ '1.0.2' ],
118 silly audit   'unicode-canonical-property-names-ecmascript': [ '2.0.0' ],
118 silly audit   'unicode-match-property-ecmascript': [ '2.0.0' ],
118 silly audit   'unicode-match-property-value-ecmascript': [ '2.0.0' ],
118 silly audit   'unicode-property-aliases-ecmascript': [ '2.0.0' ],
118 silly audit   'unique-string': [ '2.0.0' ],
118 silly audit   unpipe: [ '1.0.0' ],
118 silly audit   unquote: [ '1.1.1' ],
118 silly audit   upath: [ '1.2.0' ],
118 silly audit   'uri-js': [ '4.4.1' ],
118 silly audit   'util-deprecate': [ '1.0.2' ],
118 silly audit   'util.promisify': [ '1.0.1' ],
118 silly audit   utila: [ '0.4.0' ],
118 silly audit   'utils-merge': [ '1.0.1' ],
118 silly audit   uuid: [ '8.3.2' ],
118 silly audit   'v8-compile-cache': [ '2.3.0' ],
118 silly audit   'v8-to-istanbul': [ '8.1.1' ],
118 silly audit   vary: [ '1.1.2' ],
118 silly audit   'w3c-hr-time': [ '1.0.2' ],
118 silly audit   'w3c-xmlserializer': [ '2.0.0' ],
118 silly audit   walker: [ '1.0.8' ],
118 silly audit   watchpack: [ '2.4.0' ],
118 silly audit   wbuf: [ '1.7.3' ],
118 silly audit   'web-vitals': [ '2.1.4' ],
118 silly audit   webpack: [ '5.73.0' ],
118 silly audit   'webpack-dev-middleware': [ '5.3.3' ],
118 silly audit   'webpack-dev-server': [ '4.9.2' ],
118 silly audit   ws: [ '8.8.0', '7.5.8' ],
118 silly audit   'webpack-manifest-plugin': [ '4.1.1' ],
118 silly audit   'webpack-sources': [ '2.3.1', '3.2.3', '1.4.3' ],
118 silly audit   'websocket-driver': [ '0.7.4' ],
118 silly audit   'websocket-extensions': [ '0.1.4' ],
118 silly audit   'whatwg-encoding': [ '1.0.5' ],
118 silly audit   'whatwg-mimetype': [ '2.3.0' ],
118 silly audit   'which-boxed-primitive': [ '1.0.2' ],
118 silly audit   'word-wrap': [ '1.2.3' ],
118 silly audit   'workbox-background-sync': [ '6.5.3' ],
118 silly audit   'workbox-broadcast-update': [ '6.5.3' ],
118 silly audit   'workbox-build': [ '6.5.3' ],
118 silly audit   'workbox-cacheable-response': [ '6.5.3' ],
118 silly audit   'workbox-core': [ '6.5.3' ],
118 silly audit   'workbox-expiration': [ '6.5.3' ],
118 silly audit   'workbox-google-analytics': [ '6.5.3' ],
118 silly audit   'workbox-navigation-preload': [ '6.5.3' ],
118 silly audit   'workbox-precaching': [ '6.5.3' ],
118 silly audit   'workbox-range-requests': [ '6.5.3' ],
118 silly audit   'workbox-recipes': [ '6.5.3' ],
118 silly audit   'workbox-routing': [ '6.5.3' ],
118 silly audit   'workbox-strategies': [ '6.5.3' ],
118 silly audit   'workbox-streams': [ '6.5.3' ],
118 silly audit   'workbox-sw': [ '6.5.3' ],
118 silly audit   'workbox-webpack-plugin': [ '6.5.3' ],
118 silly audit   'workbox-window': [ '6.5.3' ],
118 silly audit   'wrap-ansi': [ '7.0.0' ],
118 silly audit   wrappy: [ '1.0.2' ],
118 silly audit   'write-file-atomic': [ '3.0.3' ],
118 silly audit   'xml-name-validator': [ '3.0.0' ],
118 silly audit   xmlchars: [ '2.2.0' ],
118 silly audit   xtend: [ '4.0.2' ],
118 silly audit   y18n: [ '5.0.8' ],
118 silly audit   yallist: [ '4.0.0' ],
118 silly audit   yaml: [ '1.10.2' ],
118 silly audit   yargs: [ '16.2.0' ],
118 silly audit   'yargs-parser': [ '20.2.9' ],
118 silly audit   'yocto-queue': [ '0.1.0' ],
118 silly audit   'json-schema-traverse': [ '1.0.0', '0.4.1' ],
118 silly audit   typescript: [ '4.7.3' ]
118 silly audit }
119 verbose reify failed optional dependency D:\MyLearning\JSmaterials\RJS-practical\house-marketplace\node_modules\fsevents
120 silly reify mark deleted [
120 silly reify   'D:\\MyLearning\\JSmaterials\\RJS-practical\\house-marketplace\\node_modules\\fsevents'
120 silly reify ]
121 timing reifyNode:node_modules/fsevents Completed in 5ms
122 silly tarball no local data for typescript@https://registry.npmjs.org/typescript/-/typescript-4.7.3.tgz. Extracting by manifest.
123 timing reifyNode:node_modules/eslint/node_modules/json-schema-traverse Completed in 183ms
124 timing reifyNode:node_modules/schema-utils/node_modules/json-schema-traverse Completed in 183ms
125 timing reifyNode:node_modules/@eslint/eslintrc/node_modules/json-schema-traverse Completed in 185ms
126 timing reifyNode:node_modules/fork-ts-checker-webpack-plugin/node_modules/json-schema-traverse Completed in 184ms
127 timing reifyNode:node_modules/babel-loader/node_modules/json-schema-traverse Completed in 184ms
128 timing reifyNode:node_modules/json-schema-traverse Completed in 199ms
129 http fetch POST 200 https://registry.npmjs.org/-/npm/v1/security/advisories/bulk 350ms
130 timing auditReport:getReport Completed in 361ms
131 silly audit report {
131 silly audit report   'nth-check': [
131 silly audit report     {
131 silly audit report       id: 1070415,
131 silly audit report       url: 'https://github.com/advisories/GHSA-rp65-9cf3-cjxr',
131 silly audit report       title: 'Inefficient Regular Expression Complexity in nth-check',
131 silly audit report       severity: 'high',
131 silly audit report       vulnerable_versions: '<2.0.1',
131 silly audit report       cwe: [Array],
131 silly audit report       cvss: [Object]
131 silly audit report     }
131 silly audit report   ]
131 silly audit report }
132 timing metavuln:cache:get:security-advisory:nth-check:q9W4Mnp2CLaC09BzzYywfkVmzHJt3Pfi70IxO1TfKO7ZrbohQ6/nxWo3z5u4rueV2a6cv2KwRNGkr8INdCPsAA== Completed in 65ms
133 timing reifyNode:node_modules/schema-utils/node_modules/ajv-keywords Completed in 753ms
134 timing reifyNode:node_modules/fork-ts-checker-webpack-plugin/node_modules/ajv-keywords Completed in 753ms
135 timing reifyNode:node_modules/babel-loader/node_modules/ajv-keywords Completed in 752ms
136 http fetch GET 200 https://registry.npmjs.org/nth-check 458ms (cache revalidated)
137 timing metavuln:packument:nth-check Completed in 459ms
138 timing metavuln:load:security-advisory:nth-check:1070415 Completed in 1ms
139 timing metavuln:calculate:security-advisory:nth-check:1070415 Completed in 460ms
140 timing metavuln:cache:get:security-advisory:css-select:Cxw9fRDewmSWmgz2FKrA6NxOmfFcZUbDmGpLvLcdHOYo/u/2s4slp6+dC0iXKYoI5W/3wY96QWqliI2xwnvevA== Completed in 21ms
141 http fetch GET 200 https://registry.npmjs.org/css-select 587ms (cache revalidated)
142 timing metavuln:packument:css-select Completed in 589ms
143 timing metavuln:load:security-advisory:css-select:q9W4Mnp2CLaC09BzzYywfkVmzHJt3Pfi70IxO1TfKO7ZrbohQ6/nxWo3z5u4rueV2a6cv2KwRNGkr8INdCPsAA== Completed in 0ms
144 timing metavuln:calculate:security-advisory:css-select:q9W4Mnp2CLaC09BzzYywfkVmzHJt3Pfi70IxO1TfKO7ZrbohQ6/nxWo3z5u4rueV2a6cv2KwRNGkr8INdCPsAA== Completed in 589ms
145 timing metavuln:cache:get:security-advisory:svgo:0505IGBCsLcG763PwR0Yit9arHQYlHm1It3auR+OOjX5CKb88KrcjEUM7C7TuJTr7sIri9shjQYUDOTjtJ7VxQ== Completed in 8ms
146 http fetch GET 200 https://registry.npmjs.org/svgo 491ms (cache revalidated)
147 timing metavuln:packument:svgo Completed in 492ms
148 timing metavuln:load:security-advisory:svgo:Cxw9fRDewmSWmgz2FKrA6NxOmfFcZUbDmGpLvLcdHOYo/u/2s4slp6+dC0iXKYoI5W/3wY96QWqliI2xwnvevA== Completed in 1ms
149 timing metavuln:calculate:security-advisory:svgo:Cxw9fRDewmSWmgz2FKrA6NxOmfFcZUbDmGpLvLcdHOYo/u/2s4slp6+dC0iXKYoI5W/3wY96QWqliI2xwnvevA== Completed in 493ms
150 timing reifyNode:node_modules/eslint/node_modules/ajv Completed in 1888ms
151 timing metavuln:cache:get:security-advisory:@svgr/plugin-svgo:CqjIE74LUybGuzhbOcPvgfmJJ4AN+3Cmq9FzZDiCt1ELxnaKCAoZjGUaNxVFfq+HJFg9p5IcyhjSc8wXjotVFw== Completed in 19ms
152 timing reifyNode:node_modules/@eslint/eslintrc/node_modules/ajv Completed in 1910ms
153 timing reifyNode:node_modules/schema-utils/node_modules/ajv Completed in 1909ms
154 timing reifyNode:node_modules/fork-ts-checker-webpack-plugin/node_modules/ajv Completed in 1911ms
155 timing reifyNode:node_modules/babel-loader/node_modules/ajv Completed in 1915ms
156 http fetch GET 200 https://registry.npmjs.org/@svgr%2fplugin-svgo 236ms (cache revalidated)
157 timing metavuln:packument:@svgr/plugin-svgo Completed in 236ms
158 timing metavuln:load:security-advisory:@svgr/plugin-svgo:0505IGBCsLcG763PwR0Yit9arHQYlHm1It3auR+OOjX5CKb88KrcjEUM7C7TuJTr7sIri9shjQYUDOTjtJ7VxQ== Completed in 1ms
159 timing metavuln:calculate:security-advisory:@svgr/plugin-svgo:0505IGBCsLcG763PwR0Yit9arHQYlHm1It3auR+OOjX5CKb88KrcjEUM7C7TuJTr7sIri9shjQYUDOTjtJ7VxQ== Completed in 237ms
160 timing metavuln:cache:get:security-advisory:@svgr/webpack:6kGFeBaa+c/FiSh7gkidT8uneFtpq6JLmia0+ROmr6BVMW4bnUZ9bZd/dO+Squ13eCU8+LJ9HJjq2v7UKojEPA== Completed in 1ms
161 http fetch GET 200 https://registry.npmjs.org/@svgr%2fwebpack 1338ms (cache revalidated)
162 timing metavuln:packument:@svgr/webpack Completed in 1338ms
163 timing metavuln:load:security-advisory:@svgr/webpack:CqjIE74LUybGuzhbOcPvgfmJJ4AN+3Cmq9FzZDiCt1ELxnaKCAoZjGUaNxVFfq+HJFg9p5IcyhjSc8wXjotVFw== Completed in 1ms
164 timing metavuln:calculate:security-advisory:@svgr/webpack:CqjIE74LUybGuzhbOcPvgfmJJ4AN+3Cmq9FzZDiCt1ELxnaKCAoZjGUaNxVFfq+HJFg9p5IcyhjSc8wXjotVFw== Completed in 1339ms
165 timing metavuln:cache:get:security-advisory:react-scripts:jzAvVcibtp6793goF6bMS+3REmxevJ33fk+CUpasW439H9DWo8HZryeL2vn3uGr5kT2MYZIC9lZQ2/rASfNe7w== Completed in 2ms
166 http fetch GET 200 https://registry.npmjs.org/react-scripts 125ms (cache revalidated)
167 timing metavuln:packument:react-scripts Completed in 129ms
168 timing metavuln:load:security-advisory:react-scripts:6kGFeBaa+c/FiSh7gkidT8uneFtpq6JLmia0+ROmr6BVMW4bnUZ9bZd/dO+Squ13eCU8+LJ9HJjq2v7UKojEPA== Completed in 0ms
169 timing metavuln:calculate:security-advisory:react-scripts:6kGFeBaa+c/FiSh7gkidT8uneFtpq6JLmia0+ROmr6BVMW4bnUZ9bZd/dO+Squ13eCU8+LJ9HJjq2v7UKojEPA== Completed in 129ms
170 timing auditReport:init Completed in 3265ms
171 timing reify:audit Completed in 3627ms
172 timing reifyNode:node_modules/ajv Completed in 3868ms
173 http fetch GET 200 https://registry.npmjs.org/typescript/-/typescript-4.7.3.tgz 5029ms (cache miss)
174 timing reifyNode:node_modules/typescript Completed in 5043ms
175 timing reify:unpack Completed in 5044ms
176 timing reify:unretire Completed in 0ms
177 timing build:queue Completed in 1ms
178 timing build:link:node_modules/typescript Completed in 4ms
179 timing build:link Completed in 4ms
180 timing build:deps Completed in 6ms
181 timing build Completed in 6ms
182 timing reify:build Completed in 7ms
183 timing reify:trash Completed in 4040ms
184 timing reify:save Completed in 248ms
185 timing reify Completed in 12980ms
186 silly ADD node_modules/typescript
187 silly ADD
188 silly ADD node_modules/@eslint/eslintrc/node_modules/json-schema-traverse
189 silly ADD node_modules/@eslint/eslintrc/node_modules/ajv
190 silly REMOVE node_modules/workbox-build/node_modules/json-schema-traverse
191 silly REMOVE node_modules/workbox-build/node_modules/ajv
192 silly REMOVE node_modules/webpack-dev-server/node_modules/json-schema-traverse
193 silly REMOVE node_modules/webpack-dev-server/node_modules/ajv
194 silly REMOVE node_modules/webpack-dev-middleware/node_modules/json-schema-traverse
195 silly REMOVE node_modules/webpack-dev-middleware/node_modules/ajv
196 silly ADD node_modules/schema-utils/node_modules/json-schema-traverse
197 silly ADD node_modules/schema-utils/node_modules/ajv-keywords
198 silly ADD node_modules/schema-utils/node_modules/ajv
199 silly REMOVE node_modules/mini-css-extract-plugin/node_modules/json-schema-traverse
200 silly REMOVE node_modules/mini-css-extract-plugin/node_modules/ajv
201 silly CHANGE node_modules/json-schema-traverse
202 silly ADD node_modules/fork-ts-checker-webpack-plugin/node_modules/json-schema-traverse
203 silly ADD node_modules/fork-ts-checker-webpack-plugin/node_modules/ajv-keywords
204 silly ADD node_modules/fork-ts-checker-webpack-plugin/node_modules/ajv
205 silly ADD node_modules/eslint/node_modules/json-schema-traverse
206 silly ADD node_modules/eslint/node_modules/ajv
207 silly REMOVE node_modules/css-minimizer-webpack-plugin/node_modules/json-schema-traverse
208 silly REMOVE node_modules/css-minimizer-webpack-plugin/node_modules/ajv
209 silly ADD node_modules/babel-loader/node_modules/json-schema-traverse
210 silly ADD node_modules/babel-loader/node_modules/ajv-keywords
211 silly ADD node_modules/babel-loader/node_modules/ajv
212 silly REMOVE node_modules/ajv-keywords
213 silly REMOVE node_modules/ajv-formats/node_modules/ajv
214 silly REMOVE node_modules/ajv-formats/node_modules/json-schema-traverse
215 silly CHANGE node_modules/ajv
216 timing command:install Completed in 13007ms
217 verbose exit 0
218 timing npm Completed in 13112ms
219 info ok
