0 verbose cli C:\Program Files\nodejs\node.exe C:\Program Files\nodejs\node_modules\npm\bin\npm-cli.js
1 info using npm@8.11.0
2 info using node@v16.15.1
3 timing npm:load:whichnode Completed in 0ms
4 timing config:load:defaults Completed in 2ms
5 timing config:load:file:C:\Program Files\nodejs\node_modules\npm\npmrc Completed in 1ms
6 timing config:load:builtin Completed in 2ms
7 timing config:load:cli Completed in 1ms
8 timing config:load:env Completed in 1ms
9 timing config:load:file:d:\MyLearning\JSmaterials\RJS-practical\house-marketplace\.npmrc Completed in 0ms
10 timing config:load:project Completed in 2ms
11 timing config:load:file:C:\Users\John Jefferson Facto\.npmrc Completed in 0ms
12 timing config:load:user Completed in 0ms
13 timing config:load:file:C:\Users\John Jefferson Facto\AppData\Roaming\npm\etc\npmrc Completed in 0ms
14 timing config:load:global Completed in 0ms
15 timing config:load:validate Completed in 1ms
16 timing config:load:credentials Completed in 0ms
17 timing config:load:setEnvs Completed in 1ms
18 timing config:load Completed in 12ms
19 timing npm:load:configload Completed in 12ms
20 timing npm:load:mkdirpcache Completed in 1ms
21 timing npm:load:mkdirplogs Completed in 0ms
22 verbose title npm view web-vitals description dist-tags.latest homepage version
23 verbose argv "view" "--json" "web-vitals" "description" "dist-tags.latest" "homepage" "version"
24 timing npm:load:setTitle Completed in 1ms
25 timing config:load:flatten Completed in 3ms
26 timing npm:load:display Completed in 3ms
27 verbose logfile logs-max:10 dir:d:\MyLearning\JSmaterials\RJS-practical\house-marketplace\_logs
28 verbose logfile d:\MyLearning\JSmaterials\RJS-practical\house-marketplace\_logs\2022-06-15T13_35_30_785Z-debug-0.log
29 timing npm:load:logFile Completed in 5ms
30 timing npm:load:timers Completed in 0ms
31 timing npm:load:configScope Completed in 0ms
32 timing npm:load Completed in 22ms
33 silly logfile start cleaning logs, removing 1 files
34 silly logfile done cleaning log files
35 http fetch GET 200 https://registry.npmjs.org/web-vitals 575ms (cache miss)
36 timing command:view Completed in 584ms
37 verbose exit 0
38 timing npm Completed in 617ms
39 info ok
